/home/fergus/ros2_ws/src/RS2-JENGA/install/ur3e_controller/lib/python3.10/site-packages/ur3e_controller/__init__.py
/home/fergus/ros2_ws/src/RS2-JENGA/install/ur3e_controller/lib/python3.10/site-packages/ur3e_controller/estop_node.py
/home/fergus/ros2_ws/src/RS2-JENGA/install/ur3e_controller/lib/python3.10/site-packages/ur3e_controller/force_torque_feedback.py
/home/fergus/ros2_ws/src/RS2-JENGA/install/ur3e_controller/lib/python3.10/site-packages/ur3e_controller/move_client.py
/home/fergus/ros2_ws/src/RS2-JENGA/install/ur3e_controller/lib/python3.10/site-packages/ur3e_controller/demo_node.py
/home/fergus/ros2_ws/src/RS2-JENGA/install/ur3e_controller/lib/python3.10/site-packages/ur3e_controller/__pycache__/__init__.cpython-310.pyc
/home/fergus/ros2_ws/src/RS2-JENGA/install/ur3e_controller/lib/python3.10/site-packages/ur3e_controller/__pycache__/estop_node.cpython-310.pyc
/home/fergus/ros2_ws/src/RS2-JENGA/install/ur3e_controller/lib/python3.10/site-packages/ur3e_controller/__pycache__/force_torque_feedback.cpython-310.pyc
/home/fergus/ros2_ws/src/RS2-JENGA/install/ur3e_controller/lib/python3.10/site-packages/ur3e_controller/__pycache__/move_client.cpython-310.pyc
/home/fergus/ros2_ws/src/RS2-JENGA/install/ur3e_controller/lib/python3.10/site-packages/ur3e_controller/__pycache__/demo_node.cpython-310.pyc
/home/fergus/ros2_ws/src/RS2-JENGA/install/ur3e_controller/share/ament_index/resource_index/packages/ur3e_controller
/home/fergus/ros2_ws/src/RS2-JENGA/install/ur3e_controller/share/ur3e_controller/package.xml
/home/fergus/ros2_ws/src/RS2-JENGA/install/ur3e_controller/share/ur3e_controller/launch/headless_moveit.launch.py
/home/fergus/ros2_ws/src/RS2-JENGA/install/ur3e_controller/share/ur3e_controller/launch/ur3e_sim_control.launch.py
/home/fergus/ros2_ws/src/RS2-JENGA/install/ur3e_controller/share/ur3e_controller/launch/ur3e_sim_moveit.launch.py
/home/fergus/ros2_ws/src/RS2-JENGA/install/ur3e_controller/share/ur3e_controller/launch/demo.launch.py
/home/fergus/ros2_ws/src/RS2-JENGA/install/ur3e_controller/share/ur3e_controller/config/ur3e_controllers.yaml
/home/fergus/ros2_ws/src/RS2-JENGA/install/ur3e_controller/share/ur3e_controller/config/ur3e_workspace.world
/home/fergus/ros2_ws/src/RS2-JENGA/install/ur3e_controller/share/ur3e_controller/config
/home/fergus/ros2_ws/src/RS2-JENGA/install/ur3e_controller/share/ur3e_controller/scripts
/home/fergus/ros2_ws/src/RS2-JENGA/install/ur3e_controller/lib/python3.10/site-packages/ur3e_controller-0.1.0-py3.10.egg-info/SOURCES.txt
/home/fergus/ros2_ws/src/RS2-JENGA/install/ur3e_controller/lib/python3.10/site-packages/ur3e_controller-0.1.0-py3.10.egg-info/entry_points.txt
/home/fergus/ros2_ws/src/RS2-JENGA/install/ur3e_controller/lib/python3.10/site-packages/ur3e_controller-0.1.0-py3.10.egg-info/requires.txt
/home/fergus/ros2_ws/src/RS2-JENGA/install/ur3e_controller/lib/python3.10/site-packages/ur3e_controller-0.1.0-py3.10.egg-info/dependency_links.txt
/home/fergus/ros2_ws/src/RS2-JENGA/install/ur3e_controller/lib/python3.10/site-packages/ur3e_controller-0.1.0-py3.10.egg-info/top_level.txt
/home/fergus/ros2_ws/src/RS2-JENGA/install/ur3e_controller/lib/python3.10/site-packages/ur3e_controller-0.1.0-py3.10.egg-info/PKG-INFO
/home/fergus/ros2_ws/src/RS2-JENGA/install/ur3e_controller/lib/python3.10/site-packages/ur3e_controller-0.1.0-py3.10.egg-info/zip-safe
/home/fergus/ros2_ws/src/RS2-JENGA/install/ur3e_controller/lib/ur3e_controller/estop_node
/home/fergus/ros2_ws/src/RS2-JENGA/install/ur3e_controller/lib/ur3e_controller/initials_demo
/home/fergus/ros2_ws/src/RS2-JENGA/install/ur3e_controller/lib/ur3e_controller/move_ur3e_demo
