/home/fergus/ros2_ws/src/RS2-JENGA/install/motion_planning/lib/python3.10/site-packages/motion_planning/__init__.py
/home/fergus/ros2_ws/src/RS2-JENGA/install/motion_planning/lib/python3.10/site-packages/motion_planning/exclusion_zones_loader.py
/home/fergus/ros2_ws/src/RS2-JENGA/install/motion_planning/lib/python3.10/site-packages/motion_planning/moveit_planning.py
/home/fergus/ros2_ws/src/RS2-JENGA/install/motion_planning/lib/python3.10/site-packages/motion_planning/robot_gui.py
/home/fergus/ros2_ws/src/RS2-JENGA/install/motion_planning/lib/python3.10/site-packages/motion_planning/pose_goal_node.py
/home/fergus/ros2_ws/src/RS2-JENGA/install/motion_planning/lib/python3.10/site-packages/motion_planning/rmrc_planning_node.py
/home/fergus/ros2_ws/src/RS2-JENGA/install/motion_planning/lib/python3.10/site-packages/motion_planning/rmrc_planner.py
/home/fergus/ros2_ws/src/RS2-JENGA/install/motion_planning/lib/python3.10/site-packages/motion_planning/test_rmrc_pose.py
/home/fergus/ros2_ws/src/RS2-JENGA/install/motion_planning/lib/python3.10/site-packages/motion_planning/__pycache__/__init__.cpython-310.pyc
/home/fergus/ros2_ws/src/RS2-JENGA/install/motion_planning/lib/python3.10/site-packages/motion_planning/__pycache__/exclusion_zones_loader.cpython-310.pyc
/home/fergus/ros2_ws/src/RS2-JENGA/install/motion_planning/lib/python3.10/site-packages/motion_planning/__pycache__/moveit_planning.cpython-310.pyc
/home/fergus/ros2_ws/src/RS2-JENGA/install/motion_planning/lib/python3.10/site-packages/motion_planning/__pycache__/robot_gui.cpython-310.pyc
/home/fergus/ros2_ws/src/RS2-JENGA/install/motion_planning/lib/python3.10/site-packages/motion_planning/__pycache__/pose_goal_node.cpython-310.pyc
/home/fergus/ros2_ws/src/RS2-JENGA/install/motion_planning/lib/python3.10/site-packages/motion_planning/__pycache__/rmrc_planning_node.cpython-310.pyc
/home/fergus/ros2_ws/src/RS2-JENGA/install/motion_planning/lib/python3.10/site-packages/motion_planning/__pycache__/rmrc_planner.cpython-310.pyc
/home/fergus/ros2_ws/src/RS2-JENGA/install/motion_planning/lib/python3.10/site-packages/motion_planning/__pycache__/test_rmrc_pose.cpython-310.pyc
/home/fergus/ros2_ws/src/RS2-JENGA/install/motion_planning/share/ament_index/resource_index/packages/motion_planning
/home/fergus/ros2_ws/src/RS2-JENGA/install/motion_planning/share/motion_planning/package.xml
/home/fergus/ros2_ws/src/RS2-JENGA/install/motion_planning/share/motion_planning/launch/motion_planning.launch.py
/home/fergus/ros2_ws/src/RS2-JENGA/install/motion_planning/share/motion_planning/config
/home/fergus/ros2_ws/src/RS2-JENGA/install/motion_planning/lib/python3.10/site-packages/motion_planning-0.1.0-py3.10.egg-info/SOURCES.txt
/home/fergus/ros2_ws/src/RS2-JENGA/install/motion_planning/lib/python3.10/site-packages/motion_planning-0.1.0-py3.10.egg-info/entry_points.txt
/home/fergus/ros2_ws/src/RS2-JENGA/install/motion_planning/lib/python3.10/site-packages/motion_planning-0.1.0-py3.10.egg-info/requires.txt
/home/fergus/ros2_ws/src/RS2-JENGA/install/motion_planning/lib/python3.10/site-packages/motion_planning-0.1.0-py3.10.egg-info/dependency_links.txt
/home/fergus/ros2_ws/src/RS2-JENGA/install/motion_planning/lib/python3.10/site-packages/motion_planning-0.1.0-py3.10.egg-info/top_level.txt
/home/fergus/ros2_ws/src/RS2-JENGA/install/motion_planning/lib/python3.10/site-packages/motion_planning-0.1.0-py3.10.egg-info/PKG-INFO
/home/fergus/ros2_ws/src/RS2-JENGA/install/motion_planning/lib/python3.10/site-packages/motion_planning-0.1.0-py3.10.egg-info/zip-safe
/home/fergus/ros2_ws/src/RS2-JENGA/install/motion_planning/lib/motion_planning/exclusion_zones_node
/home/fergus/ros2_ws/src/RS2-JENGA/install/motion_planning/lib/motion_planning/pose_goal_node
/home/fergus/ros2_ws/src/RS2-JENGA/install/motion_planning/lib/motion_planning/rmrc_planning_node
/home/fergus/ros2_ws/src/RS2-JENGA/install/motion_planning/lib/motion_planning/robot_gui
/home/fergus/ros2_ws/src/RS2-JENGA/install/motion_planning/lib/motion_planning/test_rmrc_pose
