running egg_info
creating ../../build/motion_planning/motion_planning.egg-info
writing ../../build/motion_planning/motion_planning.egg-info/PKG-INFO
writing dependency_links to ../../build/motion_planning/motion_planning.egg-info/dependency_links.txt
writing entry points to ../../build/motion_planning/motion_planning.egg-info/entry_points.txt
writing requirements to ../../build/motion_planning/motion_planning.egg-info/requires.txt
writing top-level names to ../../build/motion_planning/motion_planning.egg-info/top_level.txt
writing manifest file '../../build/motion_planning/motion_planning.egg-info/SOURCES.txt'
reading manifest file '../../build/motion_planning/motion_planning.egg-info/SOURCES.txt'
writing manifest file '../../build/motion_planning/motion_planning.egg-info/SOURCES.txt'
running build
running build_py
creating /home/fergus/ros2_ws/src/RS2-JENGA/build/motion_planning/build
creating /home/fergus/ros2_ws/src/RS2-JENGA/build/motion_planning/build/lib
creating /home/fergus/ros2_ws/src/RS2-JENGA/build/motion_planning/build/lib/motion_planning
copying motion_planning/__init__.py -> /home/fergus/ros2_ws/src/RS2-JENGA/build/motion_planning/build/lib/motion_planning
copying motion_planning/exclusion_zones_loader.py -> /home/fergus/ros2_ws/src/RS2-JENGA/build/motion_planning/build/lib/motion_planning
copying motion_planning/moveit_planning.py -> /home/fergus/ros2_ws/src/RS2-JENGA/build/motion_planning/build/lib/motion_planning
copying motion_planning/robot_gui.py -> /home/fergus/ros2_ws/src/RS2-JENGA/build/motion_planning/build/lib/motion_planning
copying motion_planning/pose_goal_node.py -> /home/fergus/ros2_ws/src/RS2-JENGA/build/motion_planning/build/lib/motion_planning
copying motion_planning/rmrc_planning_node.py -> /home/fergus/ros2_ws/src/RS2-JENGA/build/motion_planning/build/lib/motion_planning
copying motion_planning/rmrc_planner.py -> /home/fergus/ros2_ws/src/RS2-JENGA/build/motion_planning/build/lib/motion_planning
copying motion_planning/test_rmrc_pose.py -> /home/fergus/ros2_ws/src/RS2-JENGA/build/motion_planning/build/lib/motion_planning
running install
running install_lib
creating /home/fergus/ros2_ws/src/RS2-JENGA/install/motion_planning/lib/python3.10/site-packages/motion_planning
copying /home/fergus/ros2_ws/src/RS2-JENGA/build/motion_planning/build/lib/motion_planning/__init__.py -> /home/fergus/ros2_ws/src/RS2-JENGA/install/motion_planning/lib/python3.10/site-packages/motion_planning
copying /home/fergus/ros2_ws/src/RS2-JENGA/build/motion_planning/build/lib/motion_planning/exclusion_zones_loader.py -> /home/fergus/ros2_ws/src/RS2-JENGA/install/motion_planning/lib/python3.10/site-packages/motion_planning
copying /home/fergus/ros2_ws/src/RS2-JENGA/build/motion_planning/build/lib/motion_planning/moveit_planning.py -> /home/fergus/ros2_ws/src/RS2-JENGA/install/motion_planning/lib/python3.10/site-packages/motion_planning
copying /home/fergus/ros2_ws/src/RS2-JENGA/build/motion_planning/build/lib/motion_planning/robot_gui.py -> /home/fergus/ros2_ws/src/RS2-JENGA/install/motion_planning/lib/python3.10/site-packages/motion_planning
copying /home/fergus/ros2_ws/src/RS2-JENGA/build/motion_planning/build/lib/motion_planning/pose_goal_node.py -> /home/fergus/ros2_ws/src/RS2-JENGA/install/motion_planning/lib/python3.10/site-packages/motion_planning
copying /home/fergus/ros2_ws/src/RS2-JENGA/build/motion_planning/build/lib/motion_planning/rmrc_planning_node.py -> /home/fergus/ros2_ws/src/RS2-JENGA/install/motion_planning/lib/python3.10/site-packages/motion_planning
copying /home/fergus/ros2_ws/src/RS2-JENGA/build/motion_planning/build/lib/motion_planning/rmrc_planner.py -> /home/fergus/ros2_ws/src/RS2-JENGA/install/motion_planning/lib/python3.10/site-packages/motion_planning
copying /home/fergus/ros2_ws/src/RS2-JENGA/build/motion_planning/build/lib/motion_planning/test_rmrc_pose.py -> /home/fergus/ros2_ws/src/RS2-JENGA/install/motion_planning/lib/python3.10/site-packages/motion_planning
byte-compiling /home/fergus/ros2_ws/src/RS2-JENGA/install/motion_planning/lib/python3.10/site-packages/motion_planning/__init__.py to __init__.cpython-310.pyc
byte-compiling /home/fergus/ros2_ws/src/RS2-JENGA/install/motion_planning/lib/python3.10/site-packages/motion_planning/exclusion_zones_loader.py to exclusion_zones_loader.cpython-310.pyc
byte-compiling /home/fergus/ros2_ws/src/RS2-JENGA/install/motion_planning/lib/python3.10/site-packages/motion_planning/moveit_planning.py to moveit_planning.cpython-310.pyc
byte-compiling /home/fergus/ros2_ws/src/RS2-JENGA/install/motion_planning/lib/python3.10/site-packages/motion_planning/robot_gui.py to robot_gui.cpython-310.pyc
byte-compiling /home/fergus/ros2_ws/src/RS2-JENGA/install/motion_planning/lib/python3.10/site-packages/motion_planning/pose_goal_node.py to pose_goal_node.cpython-310.pyc
byte-compiling /home/fergus/ros2_ws/src/RS2-JENGA/install/motion_planning/lib/python3.10/site-packages/motion_planning/rmrc_planning_node.py to rmrc_planning_node.cpython-310.pyc
byte-compiling /home/fergus/ros2_ws/src/RS2-JENGA/install/motion_planning/lib/python3.10/site-packages/motion_planning/rmrc_planner.py to rmrc_planner.cpython-310.pyc
byte-compiling /home/fergus/ros2_ws/src/RS2-JENGA/install/motion_planning/lib/python3.10/site-packages/motion_planning/test_rmrc_pose.py to test_rmrc_pose.cpython-310.pyc
running install_data
creating /home/fergus/ros2_ws/src/RS2-JENGA/install/motion_planning/share/ament_index
creating /home/fergus/ros2_ws/src/RS2-JENGA/install/motion_planning/share/ament_index/resource_index
creating /home/fergus/ros2_ws/src/RS2-JENGA/install/motion_planning/share/ament_index/resource_index/packages
copying resource/motion_planning -> /home/fergus/ros2_ws/src/RS2-JENGA/install/motion_planning/share/ament_index/resource_index/packages
copying package.xml -> /home/fergus/ros2_ws/src/RS2-JENGA/install/motion_planning/share/motion_planning
creating /home/fergus/ros2_ws/src/RS2-JENGA/install/motion_planning/share/motion_planning/launch
copying launch/motion_planning.launch.py -> /home/fergus/ros2_ws/src/RS2-JENGA/install/motion_planning/share/motion_planning/launch
creating /home/fergus/ros2_ws/src/RS2-JENGA/install/motion_planning/share/motion_planning/config
running install_egg_info
Copying ../../build/motion_planning/motion_planning.egg-info to /home/fergus/ros2_ws/src/RS2-JENGA/install/motion_planning/lib/python3.10/site-packages/motion_planning-0.1.0-py3.10.egg-info
running install_scripts
Installing exclusion_zones_node script to /home/fergus/ros2_ws/src/RS2-JENGA/install/motion_planning/lib/motion_planning
Installing pose_goal_node script to /home/fergus/ros2_ws/src/RS2-JENGA/install/motion_planning/lib/motion_planning
Installing rmrc_planning_node script to /home/fergus/ros2_ws/src/RS2-JENGA/install/motion_planning/lib/motion_planning
Installing robot_gui script to /home/fergus/ros2_ws/src/RS2-JENGA/install/motion_planning/lib/motion_planning
Installing test_rmrc_pose script to /home/fergus/ros2_ws/src/RS2-JENGA/install/motion_planning/lib/motion_planning
writing list of installed files to '/home/fergus/ros2_ws/src/RS2-JENGA/build/motion_planning/install.log'
