[0.222s] DEBUG:colcon:Command line arguments: ['/usr/bin/colcon', 'list', '-p', '--base-paths', '/home/nathan/RS2-JENGA']
[0.222s] DEBUG:colcon:Parsed command line arguments: Namespace(log_base=None, log_level=None, verb_name='list', build_base='build', ignore_user_meta=False, metas=['./colcon.meta'], base_paths=['/home/nathan/RS2-JENGA'], packages_ignore=None, packages_ignore_regex=None, paths=None, packages_up_to=None, packages_up_to_regex=None, packages_above=None, packages_above_and_dependencies=None, packages_above_depth=None, packages_select_by_dep=None, packages_skip_by_dep=None, packages_skip_up_to=None, packages_select_build_failed=False, packages_skip_build_finished=False, packages_select_test_failures=False, packages_skip_test_passed=False, packages_select=None, packages_skip=None, packages_select_regex=None, packages_skip_regex=None, packages_start=None, packages_end=None, allow_overriding=[], topological_order=False, names_only=False, paths_only=True, topological_graph=False, topological_graph_dot=False, topological_graph_density=False, topological_graph_legend=False, topological_graph_dot_cluster=False, topological_graph_dot_include_skipped=False, mixin_files=None, mixin=None, verb_parser=<colcon_mixin.mixin.mixin_argument.MixinArgumentDecorator object at 0x7356e678e290>, verb_extension=<colcon_package_information.verb.list.ListVerb object at 0x7356e678d570>, main=<bound method ListVerb.main of <colcon_package_information.verb.list.ListVerb object at 0x7356e678d570>>, mixin_verb=('list',))
[0.295s] Level 1:colcon.colcon_core.package_discovery:discover_packages(colcon_meta) check parameters
[0.295s] Level 1:colcon.colcon_core.package_discovery:discover_packages(recursive) check parameters
[0.295s] Level 1:colcon.colcon_core.package_discovery:discover_packages(ignore) check parameters
[0.295s] Level 1:colcon.colcon_core.package_discovery:discover_packages(path) check parameters
[0.295s] Level 1:colcon.colcon_core.package_discovery:discover_packages(recursive) discover
[0.296s] INFO:colcon.colcon_core.package_discovery:Crawling recursively for packages in '/home/nathan/RS2-JENGA'
[0.296s] Level 1:colcon.colcon_core.package_identification:_identify(/home/nathan/RS2-JENGA) by extensions ['ignore', 'ignore_ament_install']
[0.296s] Level 1:colcon.colcon_core.package_identification:_identify(/home/nathan/RS2-JENGA) by extension 'ignore'
[0.296s] Level 1:colcon.colcon_core.package_identification:_identify(/home/nathan/RS2-JENGA) by extension 'ignore_ament_install'
[0.296s] Level 1:colcon.colcon_core.package_identification:_identify(/home/nathan/RS2-JENGA) by extensions ['colcon_pkg']
[0.296s] Level 1:colcon.colcon_core.package_identification:_identify(/home/nathan/RS2-JENGA) by extension 'colcon_pkg'
[0.296s] Level 1:colcon.colcon_core.package_identification:_identify(/home/nathan/RS2-JENGA) by extensions ['colcon_meta']
[0.296s] Level 1:colcon.colcon_core.package_identification:_identify(/home/nathan/RS2-JENGA) by extension 'colcon_meta'
[0.296s] Level 1:colcon.colcon_core.package_identification:_identify(/home/nathan/RS2-JENGA) by extensions ['ros']
[0.296s] Level 1:colcon.colcon_core.package_identification:_identify(/home/nathan/RS2-JENGA) by extension 'ros'
[0.332s] Level 1:colcon.colcon_core.package_identification:_identify(/home/nathan/RS2-JENGA) by extensions ['cmake', 'python']
[0.332s] Level 1:colcon.colcon_core.package_identification:_identify(/home/nathan/RS2-JENGA) by extension 'cmake'
[0.332s] Level 1:colcon.colcon_core.package_identification:_identify(/home/nathan/RS2-JENGA) by extension 'python'
[0.332s] Level 1:colcon.colcon_core.package_identification:_identify(/home/nathan/RS2-JENGA) by extensions ['python_setup_py']
[0.332s] Level 1:colcon.colcon_core.package_identification:_identify(/home/nathan/RS2-JENGA) by extension 'python_setup_py'
[0.332s] Level 1:colcon.colcon_core.package_identification:_identify(/home/nathan/RS2-JENGA/log) by extensions ['ignore', 'ignore_ament_install']
[0.333s] Level 1:colcon.colcon_core.package_identification:_identify(/home/nathan/RS2-JENGA/log) by extension 'ignore'
[0.333s] Level 1:colcon.colcon_core.package_identification:_identify(/home/nathan/RS2-JENGA/log) ignored
[0.333s] Level 1:colcon.colcon_core.package_identification:_identify(/home/nathan/RS2-JENGA/src) by extensions ['ignore', 'ignore_ament_install']
[0.333s] Level 1:colcon.colcon_core.package_identification:_identify(/home/nathan/RS2-JENGA/src) by extension 'ignore'
[0.333s] Level 1:colcon.colcon_core.package_identification:_identify(/home/nathan/RS2-JENGA/src) by extension 'ignore_ament_install'
[0.333s] Level 1:colcon.colcon_core.package_identification:_identify(/home/nathan/RS2-JENGA/src) by extensions ['colcon_pkg']
[0.333s] Level 1:colcon.colcon_core.package_identification:_identify(/home/nathan/RS2-JENGA/src) by extension 'colcon_pkg'
[0.333s] Level 1:colcon.colcon_core.package_identification:_identify(/home/nathan/RS2-JENGA/src) by extensions ['colcon_meta']
[0.333s] Level 1:colcon.colcon_core.package_identification:_identify(/home/nathan/RS2-JENGA/src) by extension 'colcon_meta'
[0.334s] Level 1:colcon.colcon_core.package_identification:_identify(/home/nathan/RS2-JENGA/src) by extensions ['ros']
[0.334s] Level 1:colcon.colcon_core.package_identification:_identify(/home/nathan/RS2-JENGA/src) by extension 'ros'
[0.334s] Level 1:colcon.colcon_core.package_identification:_identify(/home/nathan/RS2-JENGA/src) by extensions ['cmake', 'python']
[0.334s] Level 1:colcon.colcon_core.package_identification:_identify(/home/nathan/RS2-JENGA/src) by extension 'cmake'
[0.334s] Level 1:colcon.colcon_core.package_identification:_identify(/home/nathan/RS2-JENGA/src) by extension 'python'
[0.334s] Level 1:colcon.colcon_core.package_identification:_identify(/home/nathan/RS2-JENGA/src) by extensions ['python_setup_py']
[0.334s] Level 1:colcon.colcon_core.package_identification:_identify(/home/nathan/RS2-JENGA/src) by extension 'python_setup_py'
[0.334s] Level 1:colcon.colcon_core.package_identification:_identify(/home/nathan/RS2-JENGA/src/Universal_Robots_ROS2_Gazebo_Simulation) by extensions ['ignore', 'ignore_ament_install']
[0.334s] Level 1:colcon.colcon_core.package_identification:_identify(/home/nathan/RS2-JENGA/src/Universal_Robots_ROS2_Gazebo_Simulation) by extension 'ignore'
[0.334s] Level 1:colcon.colcon_core.package_identification:_identify(/home/nathan/RS2-JENGA/src/Universal_Robots_ROS2_Gazebo_Simulation) by extension 'ignore_ament_install'
[0.334s] Level 1:colcon.colcon_core.package_identification:_identify(/home/nathan/RS2-JENGA/src/Universal_Robots_ROS2_Gazebo_Simulation) by extensions ['colcon_pkg']
[0.335s] Level 1:colcon.colcon_core.package_identification:_identify(/home/nathan/RS2-JENGA/src/Universal_Robots_ROS2_Gazebo_Simulation) by extension 'colcon_pkg'
[0.335s] Level 1:colcon.colcon_core.package_identification:_identify(/home/nathan/RS2-JENGA/src/Universal_Robots_ROS2_Gazebo_Simulation) by extensions ['colcon_meta']
[0.335s] Level 1:colcon.colcon_core.package_identification:_identify(/home/nathan/RS2-JENGA/src/Universal_Robots_ROS2_Gazebo_Simulation) by extension 'colcon_meta'
[0.335s] Level 1:colcon.colcon_core.package_identification:_identify(/home/nathan/RS2-JENGA/src/Universal_Robots_ROS2_Gazebo_Simulation) by extensions ['ros']
[0.335s] Level 1:colcon.colcon_core.package_identification:_identify(/home/nathan/RS2-JENGA/src/Universal_Robots_ROS2_Gazebo_Simulation) by extension 'ros'
[0.335s] Level 1:colcon.colcon_core.package_identification:_identify(/home/nathan/RS2-JENGA/src/Universal_Robots_ROS2_Gazebo_Simulation) by extensions ['cmake', 'python']
[0.335s] Level 1:colcon.colcon_core.package_identification:_identify(/home/nathan/RS2-JENGA/src/Universal_Robots_ROS2_Gazebo_Simulation) by extension 'cmake'
[0.335s] Level 1:colcon.colcon_core.package_identification:_identify(/home/nathan/RS2-JENGA/src/Universal_Robots_ROS2_Gazebo_Simulation) by extension 'python'
[0.335s] Level 1:colcon.colcon_core.package_identification:_identify(/home/nathan/RS2-JENGA/src/Universal_Robots_ROS2_Gazebo_Simulation) by extensions ['python_setup_py']
[0.335s] Level 1:colcon.colcon_core.package_identification:_identify(/home/nathan/RS2-JENGA/src/Universal_Robots_ROS2_Gazebo_Simulation) by extension 'python_setup_py'
[0.335s] Level 1:colcon.colcon_core.package_identification:_identify(/home/nathan/RS2-JENGA/src/perception) by extensions ['ignore', 'ignore_ament_install']
[0.336s] Level 1:colcon.colcon_core.package_identification:_identify(/home/nathan/RS2-JENGA/src/perception) by extension 'ignore'
[0.336s] Level 1:colcon.colcon_core.package_identification:_identify(/home/nathan/RS2-JENGA/src/perception) by extension 'ignore_ament_install'
[0.336s] Level 1:colcon.colcon_core.package_identification:_identify(/home/nathan/RS2-JENGA/src/perception) by extensions ['colcon_pkg']
[0.336s] Level 1:colcon.colcon_core.package_identification:_identify(/home/nathan/RS2-JENGA/src/perception) by extension 'colcon_pkg'
[0.336s] Level 1:colcon.colcon_core.package_identification:_identify(/home/nathan/RS2-JENGA/src/perception) by extensions ['colcon_meta']
[0.336s] Level 1:colcon.colcon_core.package_identification:_identify(/home/nathan/RS2-JENGA/src/perception) by extension 'colcon_meta'
[0.336s] Level 1:colcon.colcon_core.package_identification:_identify(/home/nathan/RS2-JENGA/src/perception) by extensions ['ros']
[0.336s] Level 1:colcon.colcon_core.package_identification:_identify(/home/nathan/RS2-JENGA/src/perception) by extension 'ros'
[0.336s] Level 1:colcon.colcon_core.package_identification:_identify(/home/nathan/RS2-JENGA/src/perception) by extensions ['cmake', 'python']
[0.336s] Level 1:colcon.colcon_core.package_identification:_identify(/home/nathan/RS2-JENGA/src/perception) by extension 'cmake'
[0.336s] Level 1:colcon.colcon_core.package_identification:_identify(/home/nathan/RS2-JENGA/src/perception) by extension 'python'
[0.336s] Level 1:colcon.colcon_core.package_identification:_identify(/home/nathan/RS2-JENGA/src/perception) by extensions ['python_setup_py']
[0.336s] Level 1:colcon.colcon_core.package_identification:_identify(/home/nathan/RS2-JENGA/src/perception) by extension 'python_setup_py'
[0.336s] Level 1:colcon.colcon_core.package_identification:_identify(/home/nathan/RS2-JENGA/src/perception/camera_files) by extensions ['ignore', 'ignore_ament_install']
[0.337s] Level 1:colcon.colcon_core.package_identification:_identify(/home/nathan/RS2-JENGA/src/perception/camera_files) by extension 'ignore'
[0.337s] Level 1:colcon.colcon_core.package_identification:_identify(/home/nathan/RS2-JENGA/src/perception/camera_files) by extension 'ignore_ament_install'
[0.337s] Level 1:colcon.colcon_core.package_identification:_identify(/home/nathan/RS2-JENGA/src/perception/camera_files) by extensions ['colcon_pkg']
[0.337s] Level 1:colcon.colcon_core.package_identification:_identify(/home/nathan/RS2-JENGA/src/perception/camera_files) by extension 'colcon_pkg'
[0.337s] Level 1:colcon.colcon_core.package_identification:_identify(/home/nathan/RS2-JENGA/src/perception/camera_files) by extensions ['colcon_meta']
[0.337s] Level 1:colcon.colcon_core.package_identification:_identify(/home/nathan/RS2-JENGA/src/perception/camera_files) by extension 'colcon_meta'
[0.337s] Level 1:colcon.colcon_core.package_identification:_identify(/home/nathan/RS2-JENGA/src/perception/camera_files) by extensions ['ros']
[0.337s] Level 1:colcon.colcon_core.package_identification:_identify(/home/nathan/RS2-JENGA/src/perception/camera_files) by extension 'ros'
[0.337s] Level 1:colcon.colcon_core.package_identification:_identify(/home/nathan/RS2-JENGA/src/perception/camera_files) by extensions ['cmake', 'python']
[0.337s] Level 1:colcon.colcon_core.package_identification:_identify(/home/nathan/RS2-JENGA/src/perception/camera_files) by extension 'cmake'
[0.337s] Level 1:colcon.colcon_core.package_identification:_identify(/home/nathan/RS2-JENGA/src/perception/camera_files) by extension 'python'
[0.337s] Level 1:colcon.colcon_core.package_identification:_identify(/home/nathan/RS2-JENGA/src/perception/camera_files) by extensions ['python_setup_py']
[0.338s] Level 1:colcon.colcon_core.package_identification:_identify(/home/nathan/RS2-JENGA/src/perception/camera_files) by extension 'python_setup_py'
[0.338s] Level 1:colcon.colcon_core.package_identification:_identify(/home/nathan/RS2-JENGA/src/ur3e_controller) by extensions ['ignore', 'ignore_ament_install']
[0.338s] Level 1:colcon.colcon_core.package_identification:_identify(/home/nathan/RS2-JENGA/src/ur3e_controller) by extension 'ignore'
[0.338s] Level 1:colcon.colcon_core.package_identification:_identify(/home/nathan/RS2-JENGA/src/ur3e_controller) by extension 'ignore_ament_install'
[0.338s] Level 1:colcon.colcon_core.package_identification:_identify(/home/nathan/RS2-JENGA/src/ur3e_controller) by extensions ['colcon_pkg']
[0.338s] Level 1:colcon.colcon_core.package_identification:_identify(/home/nathan/RS2-JENGA/src/ur3e_controller) by extension 'colcon_pkg'
[0.338s] Level 1:colcon.colcon_core.package_identification:_identify(/home/nathan/RS2-JENGA/src/ur3e_controller) by extensions ['colcon_meta']
[0.338s] Level 1:colcon.colcon_core.package_identification:_identify(/home/nathan/RS2-JENGA/src/ur3e_controller) by extension 'colcon_meta'
[0.338s] Level 1:colcon.colcon_core.package_identification:_identify(/home/nathan/RS2-JENGA/src/ur3e_controller) by extensions ['ros']
[0.338s] Level 1:colcon.colcon_core.package_identification:_identify(/home/nathan/RS2-JENGA/src/ur3e_controller) by extension 'ros'
[0.343s] DEBUG:colcon.colcon_core.package_identification:Package '/home/nathan/RS2-JENGA/src/ur3e_controller' with type 'ros.ament_python' and name 'ur3e_controller'
[0.343s] Level 1:colcon.colcon_core.package_discovery:discover_packages(recursive) using defaults
