running egg_info
creating ../../build/ur3e_controller/ur3e_controller.egg-info
writing ../../build/ur3e_controller/ur3e_controller.egg-info/PKG-INFO
writing dependency_links to ../../build/ur3e_controller/ur3e_controller.egg-info/dependency_links.txt
writing entry points to ../../build/ur3e_controller/ur3e_controller.egg-info/entry_points.txt
writing requirements to ../../build/ur3e_controller/ur3e_controller.egg-info/requires.txt
writing top-level names to ../../build/ur3e_controller/ur3e_controller.egg-info/top_level.txt
writing manifest file '../../build/ur3e_controller/ur3e_controller.egg-info/SOURCES.txt'
reading manifest file '../../build/ur3e_controller/ur3e_controller.egg-info/SOURCES.txt'
writing manifest file '../../build/ur3e_controller/ur3e_controller.egg-info/SOURCES.txt'
running build
running build_py
creating /home/fergus/ros2_ws/src/RS2-JENGA/build/ur3e_controller/build
creating /home/fergus/ros2_ws/src/RS2-JENGA/build/ur3e_controller/build/lib
creating /home/fergus/ros2_ws/src/RS2-JENGA/build/ur3e_controller/build/lib/ur3e_controller
copying ur3e_controller/__init__.py -> /home/fergus/ros2_ws/src/RS2-JENGA/build/ur3e_controller/build/lib/ur3e_controller
copying ur3e_controller/estop_node.py -> /home/fergus/ros2_ws/src/RS2-JENGA/build/ur3e_controller/build/lib/ur3e_controller
copying ur3e_controller/force_torque_feedback.py -> /home/fergus/ros2_ws/src/RS2-JENGA/build/ur3e_controller/build/lib/ur3e_controller
copying ur3e_controller/move_client.py -> /home/fergus/ros2_ws/src/RS2-JENGA/build/ur3e_controller/build/lib/ur3e_controller
copying ur3e_controller/demo_node.py -> /home/fergus/ros2_ws/src/RS2-JENGA/build/ur3e_controller/build/lib/ur3e_controller
running install
running install_lib
creating /home/fergus/ros2_ws/src/RS2-JENGA/install/ur3e_controller/lib/python3.10/site-packages/ur3e_controller
copying /home/fergus/ros2_ws/src/RS2-JENGA/build/ur3e_controller/build/lib/ur3e_controller/__init__.py -> /home/fergus/ros2_ws/src/RS2-JENGA/install/ur3e_controller/lib/python3.10/site-packages/ur3e_controller
copying /home/fergus/ros2_ws/src/RS2-JENGA/build/ur3e_controller/build/lib/ur3e_controller/estop_node.py -> /home/fergus/ros2_ws/src/RS2-JENGA/install/ur3e_controller/lib/python3.10/site-packages/ur3e_controller
copying /home/fergus/ros2_ws/src/RS2-JENGA/build/ur3e_controller/build/lib/ur3e_controller/force_torque_feedback.py -> /home/fergus/ros2_ws/src/RS2-JENGA/install/ur3e_controller/lib/python3.10/site-packages/ur3e_controller
copying /home/fergus/ros2_ws/src/RS2-JENGA/build/ur3e_controller/build/lib/ur3e_controller/move_client.py -> /home/fergus/ros2_ws/src/RS2-JENGA/install/ur3e_controller/lib/python3.10/site-packages/ur3e_controller
copying /home/fergus/ros2_ws/src/RS2-JENGA/build/ur3e_controller/build/lib/ur3e_controller/demo_node.py -> /home/fergus/ros2_ws/src/RS2-JENGA/install/ur3e_controller/lib/python3.10/site-packages/ur3e_controller
byte-compiling /home/fergus/ros2_ws/src/RS2-JENGA/install/ur3e_controller/lib/python3.10/site-packages/ur3e_controller/__init__.py to __init__.cpython-310.pyc
byte-compiling /home/fergus/ros2_ws/src/RS2-JENGA/install/ur3e_controller/lib/python3.10/site-packages/ur3e_controller/estop_node.py to estop_node.cpython-310.pyc
byte-compiling /home/fergus/ros2_ws/src/RS2-JENGA/install/ur3e_controller/lib/python3.10/site-packages/ur3e_controller/force_torque_feedback.py to force_torque_feedback.cpython-310.pyc
byte-compiling /home/fergus/ros2_ws/src/RS2-JENGA/install/ur3e_controller/lib/python3.10/site-packages/ur3e_controller/move_client.py to move_client.cpython-310.pyc
byte-compiling /home/fergus/ros2_ws/src/RS2-JENGA/install/ur3e_controller/lib/python3.10/site-packages/ur3e_controller/demo_node.py to demo_node.cpython-310.pyc
running install_data
creating /home/fergus/ros2_ws/src/RS2-JENGA/install/ur3e_controller/share/ament_index
creating /home/fergus/ros2_ws/src/RS2-JENGA/install/ur3e_controller/share/ament_index/resource_index
creating /home/fergus/ros2_ws/src/RS2-JENGA/install/ur3e_controller/share/ament_index/resource_index/packages
copying resource/ur3e_controller -> /home/fergus/ros2_ws/src/RS2-JENGA/install/ur3e_controller/share/ament_index/resource_index/packages
copying package.xml -> /home/fergus/ros2_ws/src/RS2-JENGA/install/ur3e_controller/share/ur3e_controller
creating /home/fergus/ros2_ws/src/RS2-JENGA/install/ur3e_controller/share/ur3e_controller/launch
copying launch/headless_moveit.launch.py -> /home/fergus/ros2_ws/src/RS2-JENGA/install/ur3e_controller/share/ur3e_controller/launch
copying launch/ur3e_sim_control.launch.py -> /home/fergus/ros2_ws/src/RS2-JENGA/install/ur3e_controller/share/ur3e_controller/launch
copying launch/ur3e_sim_moveit.launch.py -> /home/fergus/ros2_ws/src/RS2-JENGA/install/ur3e_controller/share/ur3e_controller/launch
copying launch/demo.launch.py -> /home/fergus/ros2_ws/src/RS2-JENGA/install/ur3e_controller/share/ur3e_controller/launch
creating /home/fergus/ros2_ws/src/RS2-JENGA/install/ur3e_controller/share/ur3e_controller/config
copying config/ur3e_controllers.yaml -> /home/fergus/ros2_ws/src/RS2-JENGA/install/ur3e_controller/share/ur3e_controller/config
copying config/ur3e_workspace.world -> /home/fergus/ros2_ws/src/RS2-JENGA/install/ur3e_controller/share/ur3e_controller/config
creating /home/fergus/ros2_ws/src/RS2-JENGA/install/ur3e_controller/share/ur3e_controller/scripts
running install_egg_info
Copying ../../build/ur3e_controller/ur3e_controller.egg-info to /home/fergus/ros2_ws/src/RS2-JENGA/install/ur3e_controller/lib/python3.10/site-packages/ur3e_controller-0.1.0-py3.10.egg-info
running install_scripts
Installing estop_node script to /home/fergus/ros2_ws/src/RS2-JENGA/install/ur3e_controller/lib/ur3e_controller
Installing initials_demo script to /home/fergus/ros2_ws/src/RS2-JENGA/install/ur3e_controller/lib/ur3e_controller
Installing move_ur3e_demo script to /home/fergus/ros2_ws/src/RS2-JENGA/install/ur3e_controller/lib/ur3e_controller
writing list of installed files to '/home/fergus/ros2_ws/src/RS2-JENGA/build/ur3e_controller/install.log'
