[0.000000] (-) TimerEvent: {}
[0.000100] (ur3e_controller) JobQueued: {'identifier': 'ur3e_controller', 'dependencies': OrderedDict()}
[0.000125] (motion_planning) JobQueued: {'identifier': 'motion_planning', 'dependencies': OrderedDict([('ur3e_controller', '/home/fergus/ros2_ws/src/RS2-JENGA/install/ur3e_controller')])}
[0.000510] (ur3e_controller) JobStarted: {'identifier': 'ur3e_controller'}
[0.099783] (-) TimerEvent: {}
[0.203641] (-) TimerEvent: {}
[0.303853] (-) TimerEvent: {}
[0.404085] (-) TimerEvent: {}
[0.504689] (-) TimerEvent: {}
[0.568676] (ur3e_controller) Command: {'cmd': ['/usr/bin/python3', '-W', 'ignore:setup.py install is deprecated', '-W', 'ignore:easy_install command is deprecated', 'setup.py', 'egg_info', '--egg-base', '../../build/ur3e_controller', 'build', '--build-base', '/home/fergus/ros2_ws/src/RS2-JENGA/build/ur3e_controller/build', 'install', '--record', '/home/fergus/ros2_ws/src/RS2-JENGA/build/ur3e_controller/install.log', '--single-version-externally-managed', 'install_data'], 'cwd': '/home/fergus/ros2_ws/src/RS2-JENGA/src/ur3e_controller', 'env': {'GJS_DEBUG_TOPICS': 'JS ERROR;JS LOG', 'LESSOPEN': '| /usr/bin/lesspipe %s', 'VSCODE_CWD': '/home/fergus', 'CURSOR_EXTENSION_HOST_ROLE': 'agent-exec', 'VSCODE_ESM_ENTRYPOINT': 'vs/workbench/api/node/extensionHostProcess', 'GZ_SIM_RESOURCE_PATH': '/opt/ros/humble/share', 'LANGUAGE': 'en_AU:en', 'USER': 'fergus', 'VSCODE_NLS_CONFIG': '{"userLocale":"en-gb","osLocale":"en-au","resolvedLanguage":"en","defaultMessagesFile":"/usr/share/cursor/resources/app/out/nls.messages.json","locale":"en-gb","availableLanguages":{}}', 'CI': '1', 'VSCODE_HANDLES_UNCAUGHT_ERRORS': 'true', 'XDG_SESSION_TYPE': 'wayland', 'SHLVL': '1', 'LD_LIBRARY_PATH': '/home/fergus/ros2_ws/install/onrobot_driver/lib:/usr/lib/x86_64-linux-gnu/gazebo-11/plugins:/opt/ros/humble/opt/rviz_ogre_vendor/lib:/opt/ros/humble/lib/x86_64-linux-gnu:/opt/ros/humble/lib', 'HOME': '/home/fergus', 'CHROME_DESKTOP': 'cursor.desktop', 'OLDPWD': '/home/fergus/ros2_ws', 'DESKTOP_SESSION': 'ubuntu', 'VSCODE_IPC_HOOK': '/run/user/1000/vscode-042c7545-2.6.-main.sock', 'GIO_LAUNCHED_DESKTOP_FILE': '/usr/share/applications/cursor.desktop', 'ROS_PYTHON_VERSION': '3', 'GNOME_SHELL_SESSION_MODE': 'ubuntu', 'GTK_MODULES': 'gail:atk-bridge', 'CURSOR_WORKSPACE_LABEL': 'RS2-JENGA', 'MANAGERPID': '1649', 'SYSTEMD_EXEC_PID': '1808', 'IM_CONFIG_CHECK_ENV': '1', 'NO_COLOR': '1', 'DBUS_SESSION_BUS_ADDRESS': 'unix:path=/run/user/1000/bus', 'GIO_LAUNCHED_DESKTOP_FILE_PID': '6650', 'VSCODE_CRASH_REPORTER_PROCESS_TYPE': 'extensionHost', 'IM_CONFIG_PHASE': '1', 'WAYLAND_DISPLAY': 'wayland-0', 'COLCON_PREFIX_PATH': '/home/fergus/ros2_ws/install', 'ROS_DISTRO': 'humble', 'LOGNAME': 'fergus', 'FORCE_COLOR': '0', 'JOURNAL_STREAM': '8:4830', '_': '/usr/bin/colcon', 'ROS_VERSION': '2', 'XDG_SESSION_CLASS': 'user', 'USERNAME': 'fergus', 'TERM': 'dumb', 'GNOME_DESKTOP_SESSION_ID': 'this-is-deprecated', 'FC_FONTATIONS': '1', 'ROS_LOCALHOST_ONLY': '0', 'PATH': '/home/fergus/.local/bin:/home/fergus/.local/bin:/home/fergus/.local/bin:/home/fergus/.local/bin:/home/fergus/.local/bin:/home/fergus/.local/bin:/opt/ros/humble/bin:/home/fergus/.local/bin:/usr/local/sbin:/usr/local/bin:/usr/sbin:/usr/bin:/sbin:/bin:/usr/games:/usr/local/games:/snap/bin:/snap/bin', 'SESSION_MANAGER': 'local/fergus-framework:@/tmp/.ICE-unix/1773,unix/fergus-framework:/tmp/.ICE-unix/1773', 'INVOCATION_ID': '893d43cf90814b59ab5fb29ad5c952ab', 'XDG_MENU_PREFIX': 'gnome-', 'VSCODE_PROCESS_TITLE': 'extension-host (agent-exec) RS2-JENGA [1-3]', 'GNOME_SETUP_DISPLAY': ':1', 'XDG_RUNTIME_DIR': '/run/user/1000', 'GDK_BACKEND': 'wayland', 'CURSOR_AGENT': '1', 'DISPLAY': ':0', 'LANG': 'en_AU.UTF-8', 'XDG_CURRENT_DESKTOP': 'ubuntu:GNOME', 'XMODIFIERS': '@im=ibus', 'XDG_SESSION_DESKTOP': 'ubuntu', 'XAUTHORITY': '/run/user/1000/.mutter-Xwaylandauth.4BCJM3', 'LS_COLORS': '', 'CURSOR_TRACE_ID': '4403a66915fb4324a08c31bf412f39a5', 'SSH_AGENT_LAUNCHER': 'gnome-keyring', 'SSH_AUTH_SOCK': '/run/user/1000/keyring/ssh', 'ROS_DOMAIN_ID': '84', 'AMENT_PREFIX_PATH': '/home/fergus/ros2_ws/install/ur_onrobot_moveit_config:/home/fergus/ros2_ws/install/ur_onrobot_control:/home/fergus/ros2_ws/install/ur_onrobot_description:/home/fergus/ros2_ws/install/ur3e_controller:/home/fergus/ros2_ws/install/onrobot_driver:/home/fergus/ros2_ws/install/onrobot_description:/home/fergus/ros2_ws/install/a3_submission:/opt/ros/humble', 'SHELL': '/bin/bash', 'QT_ACCESSIBILITY': '1', 'GDMSESSION': 'ubuntu', 'LESSCLOSE': '/usr/bin/lesspipe %s %s', 'GAZEBO_RESOURCE_PATH': '/usr/share/gazebo-11/', 'GJS_DEBUG_OUTPUT': 'stderr', 'QT_IM_MODULE': 'ibus', 'PWD': '/home/fergus/ros2_ws/src/RS2-JENGA/build/ur3e_controller', 'XDG_CONFIG_DIRS': '/etc/xdg/xdg-ubuntu:/etc/xdg', 'VSCODE_CODE_CACHE_PATH': '/home/fergus/.config/Cursor/CachedData/224838f96445be37e3db643a163a817c15b36060', 'XDG_DATA_DIRS': '/usr/share/ubuntu:/usr/local/share/:/usr/share/:/var/lib/snapd/desktop', 'PYTHONPATH': '/home/fergus/ros2_ws/src/RS2-JENGA/build/ur3e_controller/prefix_override:/usr/lib/python3/dist-packages/colcon_core/task/python/colcon_distutils_commands:/home/fergus/ros2_ws/src/RS2-JENGA/install/ur3e_controller/lib/python3.10/site-packages:/home/fergus/ros2_ws/install/ur_onrobot_moveit_config/local/lib/python3.10/dist-packages:/home/fergus/ros2_ws/build/ur3e_controller:/home/fergus/ros2_ws/install/ur3e_controller/lib/python3.10/site-packages:/opt/ros/humble/lib/python3.10/site-packages:/opt/ros/humble/local/lib/python3.10/dist-packages', 'COLCON': '1', '_ZO_DOCTOR': '0', 'CMAKE_PREFIX_PATH': '/home/fergus/ros2_ws/install/ur_onrobot_moveit_config:/home/fergus/ros2_ws/install/ur_onrobot_control:/home/fergus/ros2_ws/install/ur_onrobot_description:/home/fergus/ros2_ws/install/onrobot_driver:/home/fergus/ros2_ws/install/onrobot_description:/home/fergus/ros2_ws/install/a3_submission', 'VSCODE_PID': '6650'}, 'shell': False}
[0.604793] (-) TimerEvent: {}
[0.705761] (-) TimerEvent: {}
[0.770204] (ur3e_controller) StdoutLine: {'line': b'running egg_info\n'}
[0.771318] (ur3e_controller) StdoutLine: {'line': b'creating ../../build/ur3e_controller/ur3e_controller.egg-info\n'}
[0.771569] (ur3e_controller) StdoutLine: {'line': b'writing ../../build/ur3e_controller/ur3e_controller.egg-info/PKG-INFO\n'}
[0.771865] (ur3e_controller) StdoutLine: {'line': b'writing dependency_links to ../../build/ur3e_controller/ur3e_controller.egg-info/dependency_links.txt\n'}
[0.772005] (ur3e_controller) StdoutLine: {'line': b'writing entry points to ../../build/ur3e_controller/ur3e_controller.egg-info/entry_points.txt\n'}
[0.772078] (ur3e_controller) StdoutLine: {'line': b'writing requirements to ../../build/ur3e_controller/ur3e_controller.egg-info/requires.txt\n'}
[0.772135] (ur3e_controller) StdoutLine: {'line': b'writing top-level names to ../../build/ur3e_controller/ur3e_controller.egg-info/top_level.txt\n'}
[0.772426] (ur3e_controller) StdoutLine: {'line': b"writing manifest file '../../build/ur3e_controller/ur3e_controller.egg-info/SOURCES.txt'\n"}
[0.774069] (ur3e_controller) StdoutLine: {'line': b"reading manifest file '../../build/ur3e_controller/ur3e_controller.egg-info/SOURCES.txt'\n"}
[0.774734] (ur3e_controller) StdoutLine: {'line': b"writing manifest file '../../build/ur3e_controller/ur3e_controller.egg-info/SOURCES.txt'\n"}
[0.774906] (ur3e_controller) StdoutLine: {'line': b'running build\n'}
[0.774964] (ur3e_controller) StdoutLine: {'line': b'running build_py\n'}
[0.775060] (ur3e_controller) StdoutLine: {'line': b'creating /home/fergus/ros2_ws/src/RS2-JENGA/build/ur3e_controller/build\n'}
[0.775110] (ur3e_controller) StdoutLine: {'line': b'creating /home/fergus/ros2_ws/src/RS2-JENGA/build/ur3e_controller/build/lib\n'}
[0.775154] (ur3e_controller) StdoutLine: {'line': b'creating /home/fergus/ros2_ws/src/RS2-JENGA/build/ur3e_controller/build/lib/ur3e_controller\n'}
[0.775197] (ur3e_controller) StdoutLine: {'line': b'copying ur3e_controller/__init__.py -> /home/fergus/ros2_ws/src/RS2-JENGA/build/ur3e_controller/build/lib/ur3e_controller\n'}
[0.775282] (ur3e_controller) StdoutLine: {'line': b'copying ur3e_controller/estop_node.py -> /home/fergus/ros2_ws/src/RS2-JENGA/build/ur3e_controller/build/lib/ur3e_controller\n'}
[0.775336] (ur3e_controller) StdoutLine: {'line': b'copying ur3e_controller/force_torque_feedback.py -> /home/fergus/ros2_ws/src/RS2-JENGA/build/ur3e_controller/build/lib/ur3e_controller\n'}
[0.775379] (ur3e_controller) StdoutLine: {'line': b'copying ur3e_controller/move_client.py -> /home/fergus/ros2_ws/src/RS2-JENGA/build/ur3e_controller/build/lib/ur3e_controller\n'}
[0.775420] (ur3e_controller) StdoutLine: {'line': b'copying ur3e_controller/demo_node.py -> /home/fergus/ros2_ws/src/RS2-JENGA/build/ur3e_controller/build/lib/ur3e_controller\n'}
[0.775502] (ur3e_controller) StdoutLine: {'line': b'running install\n'}
[0.777757] (ur3e_controller) StdoutLine: {'line': b'running install_lib\n'}
[0.777869] (ur3e_controller) StdoutLine: {'line': b'creating /home/fergus/ros2_ws/src/RS2-JENGA/install/ur3e_controller/lib/python3.10/site-packages/ur3e_controller\n'}
[0.777915] (ur3e_controller) StdoutLine: {'line': b'copying /home/fergus/ros2_ws/src/RS2-JENGA/build/ur3e_controller/build/lib/ur3e_controller/__init__.py -> /home/fergus/ros2_ws/src/RS2-JENGA/install/ur3e_controller/lib/python3.10/site-packages/ur3e_controller\n'}
[0.777954] (ur3e_controller) StdoutLine: {'line': b'copying /home/fergus/ros2_ws/src/RS2-JENGA/build/ur3e_controller/build/lib/ur3e_controller/estop_node.py -> /home/fergus/ros2_ws/src/RS2-JENGA/install/ur3e_controller/lib/python3.10/site-packages/ur3e_controller\n'}
[0.777988] (ur3e_controller) StdoutLine: {'line': b'copying /home/fergus/ros2_ws/src/RS2-JENGA/build/ur3e_controller/build/lib/ur3e_controller/force_torque_feedback.py -> /home/fergus/ros2_ws/src/RS2-JENGA/install/ur3e_controller/lib/python3.10/site-packages/ur3e_controller\n'}
[0.778023] (ur3e_controller) StdoutLine: {'line': b'copying /home/fergus/ros2_ws/src/RS2-JENGA/build/ur3e_controller/build/lib/ur3e_controller/move_client.py -> /home/fergus/ros2_ws/src/RS2-JENGA/install/ur3e_controller/lib/python3.10/site-packages/ur3e_controller\n'}
[0.778057] (ur3e_controller) StdoutLine: {'line': b'copying /home/fergus/ros2_ws/src/RS2-JENGA/build/ur3e_controller/build/lib/ur3e_controller/demo_node.py -> /home/fergus/ros2_ws/src/RS2-JENGA/install/ur3e_controller/lib/python3.10/site-packages/ur3e_controller\n'}
[0.778091] (ur3e_controller) StdoutLine: {'line': b'byte-compiling /home/fergus/ros2_ws/src/RS2-JENGA/install/ur3e_controller/lib/python3.10/site-packages/ur3e_controller/__init__.py to __init__.cpython-310.pyc\n'}
[0.778124] (ur3e_controller) StdoutLine: {'line': b'byte-compiling /home/fergus/ros2_ws/src/RS2-JENGA/install/ur3e_controller/lib/python3.10/site-packages/ur3e_controller/estop_node.py to estop_node.cpython-310.pyc\n'}
[0.779590] (ur3e_controller) StdoutLine: {'line': b'byte-compiling /home/fergus/ros2_ws/src/RS2-JENGA/install/ur3e_controller/lib/python3.10/site-packages/ur3e_controller/force_torque_feedback.py to force_torque_feedback.cpython-310.pyc\n'}
[0.780146] (ur3e_controller) StdoutLine: {'line': b'byte-compiling /home/fergus/ros2_ws/src/RS2-JENGA/install/ur3e_controller/lib/python3.10/site-packages/ur3e_controller/move_client.py to move_client.cpython-310.pyc\n'}
[0.781125] (ur3e_controller) StdoutLine: {'line': b'byte-compiling /home/fergus/ros2_ws/src/RS2-JENGA/install/ur3e_controller/lib/python3.10/site-packages/ur3e_controller/demo_node.py to demo_node.cpython-310.pyc\n'}
[0.781589] (ur3e_controller) StdoutLine: {'line': b'running install_data\n'}
[0.781714] (ur3e_controller) StdoutLine: {'line': b'creating /home/fergus/ros2_ws/src/RS2-JENGA/install/ur3e_controller/share/ament_index\n'}
[0.781855] (ur3e_controller) StdoutLine: {'line': b'creating /home/fergus/ros2_ws/src/RS2-JENGA/install/ur3e_controller/share/ament_index/resource_index\n'}
[0.783246] (ur3e_controller) StdoutLine: {'line': b'creating /home/fergus/ros2_ws/src/RS2-JENGA/install/ur3e_controller/share/ament_index/resource_index/packages\n'}
[0.783325] (ur3e_controller) StdoutLine: {'line': b'copying resource/ur3e_controller -> /home/fergus/ros2_ws/src/RS2-JENGA/install/ur3e_controller/share/ament_index/resource_index/packages\n'}
[0.783375] (ur3e_controller) StdoutLine: {'line': b'copying package.xml -> /home/fergus/ros2_ws/src/RS2-JENGA/install/ur3e_controller/share/ur3e_controller\n'}
[0.783408] (ur3e_controller) StdoutLine: {'line': b'creating /home/fergus/ros2_ws/src/RS2-JENGA/install/ur3e_controller/share/ur3e_controller/launch\n'}
[0.783439] (ur3e_controller) StdoutLine: {'line': b'copying launch/headless_moveit.launch.py -> /home/fergus/ros2_ws/src/RS2-JENGA/install/ur3e_controller/share/ur3e_controller/launch\n'}
[0.783470] (ur3e_controller) StdoutLine: {'line': b'copying launch/ur3e_sim_control.launch.py -> /home/fergus/ros2_ws/src/RS2-JENGA/install/ur3e_controller/share/ur3e_controller/launch\n'}
[0.783501] (ur3e_controller) StdoutLine: {'line': b'copying launch/ur3e_sim_moveit.launch.py -> /home/fergus/ros2_ws/src/RS2-JENGA/install/ur3e_controller/share/ur3e_controller/launch\n'}
[0.783531] (ur3e_controller) StdoutLine: {'line': b'copying launch/demo.launch.py -> /home/fergus/ros2_ws/src/RS2-JENGA/install/ur3e_controller/share/ur3e_controller/launch\n'}
[0.783564] (ur3e_controller) StdoutLine: {'line': b'creating /home/fergus/ros2_ws/src/RS2-JENGA/install/ur3e_controller/share/ur3e_controller/config\n'}
[0.783597] (ur3e_controller) StdoutLine: {'line': b'copying config/ur3e_controllers.yaml -> /home/fergus/ros2_ws/src/RS2-JENGA/install/ur3e_controller/share/ur3e_controller/config\n'}
[0.783627] (ur3e_controller) StdoutLine: {'line': b'copying config/ur3e_workspace.world -> /home/fergus/ros2_ws/src/RS2-JENGA/install/ur3e_controller/share/ur3e_controller/config\n'}
[0.783657] (ur3e_controller) StdoutLine: {'line': b'creating /home/fergus/ros2_ws/src/RS2-JENGA/install/ur3e_controller/share/ur3e_controller/scripts\n'}
[0.783686] (ur3e_controller) StdoutLine: {'line': b'running install_egg_info\n'}
[0.785959] (ur3e_controller) StdoutLine: {'line': b'Copying ../../build/ur3e_controller/ur3e_controller.egg-info to /home/fergus/ros2_ws/src/RS2-JENGA/install/ur3e_controller/lib/python3.10/site-packages/ur3e_controller-0.1.0-py3.10.egg-info\n'}
[0.786078] (ur3e_controller) StdoutLine: {'line': b'running install_scripts\n'}
[0.810621] (-) TimerEvent: {}
[0.812467] (ur3e_controller) StdoutLine: {'line': b'Installing estop_node script to /home/fergus/ros2_ws/src/RS2-JENGA/install/ur3e_controller/lib/ur3e_controller\n'}
[0.813659] (ur3e_controller) StdoutLine: {'line': b'Installing initials_demo script to /home/fergus/ros2_ws/src/RS2-JENGA/install/ur3e_controller/lib/ur3e_controller\n'}
[0.813774] (ur3e_controller) StdoutLine: {'line': b'Installing move_ur3e_demo script to /home/fergus/ros2_ws/src/RS2-JENGA/install/ur3e_controller/lib/ur3e_controller\n'}
[0.813820] (ur3e_controller) StdoutLine: {'line': b"writing list of installed files to '/home/fergus/ros2_ws/src/RS2-JENGA/build/ur3e_controller/install.log'\n"}
[0.842945] (ur3e_controller) CommandEnded: {'returncode': 0}
[0.849342] (ur3e_controller) JobEnded: {'identifier': 'ur3e_controller', 'rc': 0}
[0.849980] (motion_planning) JobStarted: {'identifier': 'motion_planning'}
[0.911626] (-) TimerEvent: {}
[1.016622] (-) TimerEvent: {}
[1.116840] (-) TimerEvent: {}
[1.217048] (-) TimerEvent: {}
[1.320623] (-) TimerEvent: {}
[1.420873] (-) TimerEvent: {}
[1.454476] (motion_planning) Command: {'cmd': ['/usr/bin/python3', '-W', 'ignore:setup.py install is deprecated', '-W', 'ignore:easy_install command is deprecated', 'setup.py', 'egg_info', '--egg-base', '../../build/motion_planning', 'build', '--build-base', '/home/fergus/ros2_ws/src/RS2-JENGA/build/motion_planning/build', 'install', '--record', '/home/fergus/ros2_ws/src/RS2-JENGA/build/motion_planning/install.log', '--single-version-externally-managed', 'install_data'], 'cwd': '/home/fergus/ros2_ws/src/RS2-JENGA/src/motion_planning', 'env': {'GJS_DEBUG_TOPICS': 'JS ERROR;JS LOG', 'LESSOPEN': '| /usr/bin/lesspipe %s', 'VSCODE_CWD': '/home/fergus', 'CURSOR_EXTENSION_HOST_ROLE': 'agent-exec', 'VSCODE_ESM_ENTRYPOINT': 'vs/workbench/api/node/extensionHostProcess', 'GZ_SIM_RESOURCE_PATH': '/opt/ros/humble/share', 'LANGUAGE': 'en_AU:en', 'USER': 'fergus', 'VSCODE_NLS_CONFIG': '{"userLocale":"en-gb","osLocale":"en-au","resolvedLanguage":"en","defaultMessagesFile":"/usr/share/cursor/resources/app/out/nls.messages.json","locale":"en-gb","availableLanguages":{}}', 'CI': '1', 'VSCODE_HANDLES_UNCAUGHT_ERRORS': 'true', 'XDG_SESSION_TYPE': 'wayland', 'SHLVL': '1', 'LD_LIBRARY_PATH': '/home/fergus/ros2_ws/install/onrobot_driver/lib:/usr/lib/x86_64-linux-gnu/gazebo-11/plugins:/opt/ros/humble/opt/rviz_ogre_vendor/lib:/opt/ros/humble/lib/x86_64-linux-gnu:/opt/ros/humble/lib', 'HOME': '/home/fergus', 'CHROME_DESKTOP': 'cursor.desktop', 'OLDPWD': '/home/fergus/ros2_ws', 'DESKTOP_SESSION': 'ubuntu', 'VSCODE_IPC_HOOK': '/run/user/1000/vscode-042c7545-2.6.-main.sock', 'GIO_LAUNCHED_DESKTOP_FILE': '/usr/share/applications/cursor.desktop', 'ROS_PYTHON_VERSION': '3', 'GNOME_SHELL_SESSION_MODE': 'ubuntu', 'GTK_MODULES': 'gail:atk-bridge', 'CURSOR_WORKSPACE_LABEL': 'RS2-JENGA', 'MANAGERPID': '1649', 'SYSTEMD_EXEC_PID': '1808', 'IM_CONFIG_CHECK_ENV': '1', 'NO_COLOR': '1', 'DBUS_SESSION_BUS_ADDRESS': 'unix:path=/run/user/1000/bus', 'GIO_LAUNCHED_DESKTOP_FILE_PID': '6650', 'VSCODE_CRASH_REPORTER_PROCESS_TYPE': 'extensionHost', 'IM_CONFIG_PHASE': '1', 'WAYLAND_DISPLAY': 'wayland-0', 'COLCON_PREFIX_PATH': '/home/fergus/ros2_ws/install', 'ROS_DISTRO': 'humble', 'LOGNAME': 'fergus', 'FORCE_COLOR': '0', 'JOURNAL_STREAM': '8:4830', '_': '/usr/bin/colcon', 'ROS_VERSION': '2', 'XDG_SESSION_CLASS': 'user', 'USERNAME': 'fergus', 'TERM': 'dumb', 'GNOME_DESKTOP_SESSION_ID': 'this-is-deprecated', 'FC_FONTATIONS': '1', 'ROS_LOCALHOST_ONLY': '0', 'PATH': '/home/fergus/.local/bin:/home/fergus/.local/bin:/home/fergus/.local/bin:/home/fergus/.local/bin:/home/fergus/.local/bin:/home/fergus/.local/bin:/opt/ros/humble/bin:/home/fergus/.local/bin:/usr/local/sbin:/usr/local/bin:/usr/sbin:/usr/bin:/sbin:/bin:/usr/games:/usr/local/games:/snap/bin:/snap/bin', 'SESSION_MANAGER': 'local/fergus-framework:@/tmp/.ICE-unix/1773,unix/fergus-framework:/tmp/.ICE-unix/1773', 'INVOCATION_ID': '893d43cf90814b59ab5fb29ad5c952ab', 'XDG_MENU_PREFIX': 'gnome-', 'VSCODE_PROCESS_TITLE': 'extension-host (agent-exec) RS2-JENGA [1-3]', 'GNOME_SETUP_DISPLAY': ':1', 'XDG_RUNTIME_DIR': '/run/user/1000', 'GDK_BACKEND': 'wayland', 'CURSOR_AGENT': '1', 'DISPLAY': ':0', 'LANG': 'en_AU.UTF-8', 'XDG_CURRENT_DESKTOP': 'ubuntu:GNOME', 'XMODIFIERS': '@im=ibus', 'XDG_SESSION_DESKTOP': 'ubuntu', 'XAUTHORITY': '/run/user/1000/.mutter-Xwaylandauth.4BCJM3', 'LS_COLORS': '', 'CURSOR_TRACE_ID': '4403a66915fb4324a08c31bf412f39a5', 'SSH_AGENT_LAUNCHER': 'gnome-keyring', 'SSH_AUTH_SOCK': '/run/user/1000/keyring/ssh', 'ROS_DOMAIN_ID': '84', 'AMENT_PREFIX_PATH': '/home/fergus/ros2_ws/src/RS2-JENGA/install/ur3e_controller:/home/fergus/ros2_ws/install/ur_onrobot_moveit_config:/home/fergus/ros2_ws/install/ur_onrobot_control:/home/fergus/ros2_ws/install/ur_onrobot_description:/home/fergus/ros2_ws/install/ur3e_controller:/home/fergus/ros2_ws/install/onrobot_driver:/home/fergus/ros2_ws/install/onrobot_description:/home/fergus/ros2_ws/install/a3_submission:/opt/ros/humble', 'SHELL': '/bin/bash', 'QT_ACCESSIBILITY': '1', 'GDMSESSION': 'ubuntu', 'LESSCLOSE': '/usr/bin/lesspipe %s %s', 'GAZEBO_RESOURCE_PATH': '/usr/share/gazebo-11/', 'GJS_DEBUG_OUTPUT': 'stderr', 'QT_IM_MODULE': 'ibus', 'PWD': '/home/fergus/ros2_ws/src/RS2-JENGA/build/motion_planning', 'XDG_CONFIG_DIRS': '/etc/xdg/xdg-ubuntu:/etc/xdg', 'VSCODE_CODE_CACHE_PATH': '/home/fergus/.config/Cursor/CachedData/224838f96445be37e3db643a163a817c15b36060', 'XDG_DATA_DIRS': '/usr/share/ubuntu:/usr/local/share/:/usr/share/:/var/lib/snapd/desktop', 'PYTHONPATH': '/home/fergus/ros2_ws/src/RS2-JENGA/build/motion_planning/prefix_override:/usr/lib/python3/dist-packages/colcon_core/task/python/colcon_distutils_commands:/home/fergus/ros2_ws/src/RS2-JENGA/install/motion_planning/lib/python3.10/site-packages:/home/fergus/ros2_ws/src/RS2-JENGA/install/ur3e_controller/lib/python3.10/site-packages:/home/fergus/ros2_ws/install/ur_onrobot_moveit_config/local/lib/python3.10/dist-packages:/home/fergus/ros2_ws/build/ur3e_controller:/home/fergus/ros2_ws/install/ur3e_controller/lib/python3.10/site-packages:/opt/ros/humble/lib/python3.10/site-packages:/opt/ros/humble/local/lib/python3.10/dist-packages', 'COLCON': '1', '_ZO_DOCTOR': '0', 'CMAKE_PREFIX_PATH': '/home/fergus/ros2_ws/install/ur_onrobot_moveit_config:/home/fergus/ros2_ws/install/ur_onrobot_control:/home/fergus/ros2_ws/install/ur_onrobot_description:/home/fergus/ros2_ws/install/onrobot_driver:/home/fergus/ros2_ws/install/onrobot_description:/home/fergus/ros2_ws/install/a3_submission', 'VSCODE_PID': '6650'}, 'shell': False}
[1.520956] (-) TimerEvent: {}
[1.621194] (-) TimerEvent: {}
[1.656758] (motion_planning) StdoutLine: {'line': b'running egg_info\n'}
[1.657193] (motion_planning) StdoutLine: {'line': b'creating ../../build/motion_planning/motion_planning.egg-info\n'}
[1.657337] (motion_planning) StdoutLine: {'line': b'writing ../../build/motion_planning/motion_planning.egg-info/PKG-INFO\n'}
[1.657488] (motion_planning) StdoutLine: {'line': b'writing dependency_links to ../../build/motion_planning/motion_planning.egg-info/dependency_links.txt\n'}
[1.657578] (motion_planning) StdoutLine: {'line': b'writing entry points to ../../build/motion_planning/motion_planning.egg-info/entry_points.txt\n'}
[1.657740] (motion_planning) StdoutLine: {'line': b'writing requirements to ../../build/motion_planning/motion_planning.egg-info/requires.txt\n'}
[1.657779] (motion_planning) StdoutLine: {'line': b'writing top-level names to ../../build/motion_planning/motion_planning.egg-info/top_level.txt\n'}
[1.657871] (motion_planning) StdoutLine: {'line': b"writing manifest file '../../build/motion_planning/motion_planning.egg-info/SOURCES.txt'\n"}
[1.658991] (motion_planning) StdoutLine: {'line': b"reading manifest file '../../build/motion_planning/motion_planning.egg-info/SOURCES.txt'\n"}
[1.659509] (motion_planning) StdoutLine: {'line': b"writing manifest file '../../build/motion_planning/motion_planning.egg-info/SOURCES.txt'\n"}
[1.659595] (motion_planning) StdoutLine: {'line': b'running build\n'}
[1.659630] (motion_planning) StdoutLine: {'line': b'running build_py\n'}
[1.659764] (motion_planning) StdoutLine: {'line': b'creating /home/fergus/ros2_ws/src/RS2-JENGA/build/motion_planning/build\n'}
[1.659836] (motion_planning) StdoutLine: {'line': b'creating /home/fergus/ros2_ws/src/RS2-JENGA/build/motion_planning/build/lib\n'}
[1.659866] (motion_planning) StdoutLine: {'line': b'creating /home/fergus/ros2_ws/src/RS2-JENGA/build/motion_planning/build/lib/motion_planning\n'}
[1.660045] (motion_planning) StdoutLine: {'line': b'copying motion_planning/__init__.py -> /home/fergus/ros2_ws/src/RS2-JENGA/build/motion_planning/build/lib/motion_planning\n'}
[1.660146] (motion_planning) StdoutLine: {'line': b'copying motion_planning/exclusion_zones_loader.py -> /home/fergus/ros2_ws/src/RS2-JENGA/build/motion_planning/build/lib/motion_planning\n'}
[1.660273] (motion_planning) StdoutLine: {'line': b'copying motion_planning/moveit_planning.py -> /home/fergus/ros2_ws/src/RS2-JENGA/build/motion_planning/build/lib/motion_planning\n'}
[1.660315] (motion_planning) StdoutLine: {'line': b'copying motion_planning/robot_gui.py -> /home/fergus/ros2_ws/src/RS2-JENGA/build/motion_planning/build/lib/motion_planning\n'}
[1.660386] (motion_planning) StdoutLine: {'line': b'copying motion_planning/pose_goal_node.py -> /home/fergus/ros2_ws/src/RS2-JENGA/build/motion_planning/build/lib/motion_planning\n'}
[1.660482] (motion_planning) StdoutLine: {'line': b'copying motion_planning/rmrc_planning_node.py -> /home/fergus/ros2_ws/src/RS2-JENGA/build/motion_planning/build/lib/motion_planning\n'}
[1.660517] (motion_planning) StdoutLine: {'line': b'copying motion_planning/rmrc_planner.py -> /home/fergus/ros2_ws/src/RS2-JENGA/build/motion_planning/build/lib/motion_planning\n'}
[1.660589] (motion_planning) StdoutLine: {'line': b'copying motion_planning/test_rmrc_pose.py -> /home/fergus/ros2_ws/src/RS2-JENGA/build/motion_planning/build/lib/motion_planning\n'}
[1.660680] (motion_planning) StdoutLine: {'line': b'running install\n'}
[1.660941] (motion_planning) StdoutLine: {'line': b'running install_lib\n'}
[1.661507] (motion_planning) StdoutLine: {'line': b'creating /home/fergus/ros2_ws/src/RS2-JENGA/install/motion_planning/lib/python3.10/site-packages/motion_planning\n'}
[1.661589] (motion_planning) StdoutLine: {'line': b'copying /home/fergus/ros2_ws/src/RS2-JENGA/build/motion_planning/build/lib/motion_planning/__init__.py -> /home/fergus/ros2_ws/src/RS2-JENGA/install/motion_planning/lib/python3.10/site-packages/motion_planning\n'}
[1.661689] (motion_planning) StdoutLine: {'line': b'copying /home/fergus/ros2_ws/src/RS2-JENGA/build/motion_planning/build/lib/motion_planning/exclusion_zones_loader.py -> /home/fergus/ros2_ws/src/RS2-JENGA/install/motion_planning/lib/python3.10/site-packages/motion_planning\n'}
[1.661724] (motion_planning) StdoutLine: {'line': b'copying /home/fergus/ros2_ws/src/RS2-JENGA/build/motion_planning/build/lib/motion_planning/moveit_planning.py -> /home/fergus/ros2_ws/src/RS2-JENGA/install/motion_planning/lib/python3.10/site-packages/motion_planning\n'}
[1.661754] (motion_planning) StdoutLine: {'line': b'copying /home/fergus/ros2_ws/src/RS2-JENGA/build/motion_planning/build/lib/motion_planning/robot_gui.py -> /home/fergus/ros2_ws/src/RS2-JENGA/install/motion_planning/lib/python3.10/site-packages/motion_planning\n'}
[1.661828] (motion_planning) StdoutLine: {'line': b'copying /home/fergus/ros2_ws/src/RS2-JENGA/build/motion_planning/build/lib/motion_planning/pose_goal_node.py -> /home/fergus/ros2_ws/src/RS2-JENGA/install/motion_planning/lib/python3.10/site-packages/motion_planning\n'}
[1.661860] (motion_planning) StdoutLine: {'line': b'copying /home/fergus/ros2_ws/src/RS2-JENGA/build/motion_planning/build/lib/motion_planning/rmrc_planning_node.py -> /home/fergus/ros2_ws/src/RS2-JENGA/install/motion_planning/lib/python3.10/site-packages/motion_planning\n'}
[1.661890] (motion_planning) StdoutLine: {'line': b'copying /home/fergus/ros2_ws/src/RS2-JENGA/build/motion_planning/build/lib/motion_planning/rmrc_planner.py -> /home/fergus/ros2_ws/src/RS2-JENGA/install/motion_planning/lib/python3.10/site-packages/motion_planning\n'}
[1.661955] (motion_planning) StdoutLine: {'line': b'copying /home/fergus/ros2_ws/src/RS2-JENGA/build/motion_planning/build/lib/motion_planning/test_rmrc_pose.py -> /home/fergus/ros2_ws/src/RS2-JENGA/install/motion_planning/lib/python3.10/site-packages/motion_planning\n'}
[1.662239] (motion_planning) StdoutLine: {'line': b'byte-compiling /home/fergus/ros2_ws/src/RS2-JENGA/install/motion_planning/lib/python3.10/site-packages/motion_planning/__init__.py to __init__.cpython-310.pyc\n'}
[1.662397] (motion_planning) StdoutLine: {'line': b'byte-compiling /home/fergus/ros2_ws/src/RS2-JENGA/install/motion_planning/lib/python3.10/site-packages/motion_planning/exclusion_zones_loader.py to exclusion_zones_loader.cpython-310.pyc\n'}
[1.664114] (motion_planning) StdoutLine: {'line': b'byte-compiling /home/fergus/ros2_ws/src/RS2-JENGA/install/motion_planning/lib/python3.10/site-packages/motion_planning/moveit_planning.py to moveit_planning.cpython-310.pyc\n'}
[1.665157] (motion_planning) StdoutLine: {'line': b'byte-compiling /home/fergus/ros2_ws/src/RS2-JENGA/install/motion_planning/lib/python3.10/site-packages/motion_planning/robot_gui.py to robot_gui.cpython-310.pyc\n'}
[1.675871] (motion_planning) StdoutLine: {'line': b'byte-compiling /home/fergus/ros2_ws/src/RS2-JENGA/install/motion_planning/lib/python3.10/site-packages/motion_planning/pose_goal_node.py to pose_goal_node.cpython-310.pyc\n'}
[1.676089] (motion_planning) StdoutLine: {'line': b'byte-compiling /home/fergus/ros2_ws/src/RS2-JENGA/install/motion_planning/lib/python3.10/site-packages/motion_planning/rmrc_planning_node.py to rmrc_planning_node.cpython-310.pyc\n'}
[1.677167] (motion_planning) StdoutLine: {'line': b'byte-compiling /home/fergus/ros2_ws/src/RS2-JENGA/install/motion_planning/lib/python3.10/site-packages/motion_planning/rmrc_planner.py to rmrc_planner.cpython-310.pyc\n'}
[1.679627] (motion_planning) StdoutLine: {'line': b'byte-compiling /home/fergus/ros2_ws/src/RS2-JENGA/install/motion_planning/lib/python3.10/site-packages/motion_planning/test_rmrc_pose.py to test_rmrc_pose.cpython-310.pyc\n'}
[1.680006] (motion_planning) StdoutLine: {'line': b'running install_data\n'}
[1.680173] (motion_planning) StdoutLine: {'line': b'creating /home/fergus/ros2_ws/src/RS2-JENGA/install/motion_planning/share/ament_index\n'}
[1.680208] (motion_planning) StdoutLine: {'line': b'creating /home/fergus/ros2_ws/src/RS2-JENGA/install/motion_planning/share/ament_index/resource_index\n'}
[1.680241] (motion_planning) StdoutLine: {'line': b'creating /home/fergus/ros2_ws/src/RS2-JENGA/install/motion_planning/share/ament_index/resource_index/packages\n'}
[1.680299] (motion_planning) StdoutLine: {'line': b'copying resource/motion_planning -> /home/fergus/ros2_ws/src/RS2-JENGA/install/motion_planning/share/ament_index/resource_index/packages\n'}
[1.680333] (motion_planning) StdoutLine: {'line': b'copying package.xml -> /home/fergus/ros2_ws/src/RS2-JENGA/install/motion_planning/share/motion_planning\n'}
[1.680409] (motion_planning) StdoutLine: {'line': b'creating /home/fergus/ros2_ws/src/RS2-JENGA/install/motion_planning/share/motion_planning/launch\n'}
[1.680443] (motion_planning) StdoutLine: {'line': b'copying launch/motion_planning.launch.py -> /home/fergus/ros2_ws/src/RS2-JENGA/install/motion_planning/share/motion_planning/launch\n'}
[1.680474] (motion_planning) StdoutLine: {'line': b'creating /home/fergus/ros2_ws/src/RS2-JENGA/install/motion_planning/share/motion_planning/config\n'}
[1.680528] (motion_planning) StdoutLine: {'line': b'running install_egg_info\n'}
[1.682242] (motion_planning) StdoutLine: {'line': b'Copying ../../build/motion_planning/motion_planning.egg-info to /home/fergus/ros2_ws/src/RS2-JENGA/install/motion_planning/lib/python3.10/site-packages/motion_planning-0.1.0-py3.10.egg-info\n'}
[1.682731] (motion_planning) StdoutLine: {'line': b'running install_scripts\n'}
[1.704049] (motion_planning) StdoutLine: {'line': b'Installing exclusion_zones_node script to /home/fergus/ros2_ws/src/RS2-JENGA/install/motion_planning/lib/motion_planning\n'}
[1.704340] (motion_planning) StdoutLine: {'line': b'Installing pose_goal_node script to /home/fergus/ros2_ws/src/RS2-JENGA/install/motion_planning/lib/motion_planning\n'}
[1.704412] (motion_planning) StdoutLine: {'line': b'Installing rmrc_planning_node script to /home/fergus/ros2_ws/src/RS2-JENGA/install/motion_planning/lib/motion_planning\n'}
[1.704745] (motion_planning) StdoutLine: {'line': b'Installing robot_gui script to /home/fergus/ros2_ws/src/RS2-JENGA/install/motion_planning/lib/motion_planning\n'}
[1.704803] (motion_planning) StdoutLine: {'line': b'Installing test_rmrc_pose script to /home/fergus/ros2_ws/src/RS2-JENGA/install/motion_planning/lib/motion_planning\n'}
[1.704841] (motion_planning) StdoutLine: {'line': b"writing list of installed files to '/home/fergus/ros2_ws/src/RS2-JENGA/build/motion_planning/install.log'\n"}
[1.723737] (-) TimerEvent: {}
[1.757092] (motion_planning) CommandEnded: {'returncode': 0}
[1.763904] (motion_planning) JobEnded: {'identifier': 'motion_planning', 'rc': 0}
[1.764547] (-) EventReactorShutdown: {}
