[0.085s] DEBUG:colcon:Command line arguments: ['/usr/bin/colcon', 'build', '--packages-select', 'ur3e_controller', 'motion_planning']
[0.085s] DEBUG:colcon:Parsed command line arguments: Namespace(log_base=None, log_level=None, verb_name='build', build_base='build', install_base='install', merge_install=False, symlink_install=False, test_result_base=None, continue_on_error=False, executor='parallel', parallel_workers=12, event_handlers=None, ignore_user_meta=False, metas=['./colcon.meta'], base_paths=['.'], packages_ignore=None, packages_ignore_regex=None, paths=None, packages_up_to=None, packages_up_to_regex=None, packages_above=None, packages_above_and_dependencies=None, packages_above_depth=None, packages_select_by_dep=None, packages_skip_by_dep=None, packages_skip_up_to=None, packages_select_build_failed=False, packages_skip_build_finished=False, packages_select_test_failures=False, packages_skip_test_passed=False, packages_select=['ur3e_controller', 'motion_planning'], packages_skip=None, packages_select_regex=None, packages_skip_regex=None, packages_start=None, packages_end=None, allow_overriding=[], cmake_args=None, cmake_target=None, cmake_target_skip_unavailable=False, cmake_clean_cache=False, cmake_clean_first=False, cmake_force_configure=False, ament_cmake_args=None, catkin_cmake_args=None, catkin_skip_building_tests=False, mixin_files=None, mixin=None, verb_parser=<colcon_mixin.mixin.mixin_argument.MixinArgumentDecorator object at 0x70c0015631c0>, verb_extension=<colcon_core.verb.build.BuildVerb object at 0x70c001562c50>, main=<bound method BuildVerb.main of <colcon_core.verb.build.BuildVerb object at 0x70c001562c50>>, mixin_verb=('build',))
[0.221s] Level 1:colcon.colcon_core.package_discovery:discover_packages(colcon_meta) check parameters
[0.221s] Level 1:colcon.colcon_core.package_discovery:discover_packages(recursive) check parameters
[0.221s] Level 1:colcon.colcon_core.package_discovery:discover_packages(ignore) check parameters
[0.221s] Level 1:colcon.colcon_core.package_discovery:discover_packages(path) check parameters
[0.221s] Level 1:colcon.colcon_core.package_discovery:discover_packages(colcon_meta) discover
[0.221s] Level 1:colcon.colcon_core.package_discovery:discover_packages(recursive) discover
[0.221s] INFO:colcon.colcon_core.package_discovery:Crawling recursively for packages in '/home/fergus/ros2_ws/src/RS2-JENGA'
[0.222s] Level 1:colcon.colcon_core.package_identification:_identify(.) by extensions ['ignore', 'ignore_ament_install']
[0.222s] Level 1:colcon.colcon_core.package_identification:_identify(.) by extension 'ignore'
[0.222s] Level 1:colcon.colcon_core.package_identification:_identify(.) by extension 'ignore_ament_install'
[0.222s] Level 1:colcon.colcon_core.package_identification:_identify(.) by extensions ['colcon_pkg']
[0.222s] Level 1:colcon.colcon_core.package_identification:_identify(.) by extension 'colcon_pkg'
[0.222s] Level 1:colcon.colcon_core.package_identification:_identify(.) by extensions ['colcon_meta']
[0.222s] Level 1:colcon.colcon_core.package_identification:_identify(.) by extension 'colcon_meta'
[0.222s] Level 1:colcon.colcon_core.package_identification:_identify(.) by extensions ['ros']
[0.222s] Level 1:colcon.colcon_core.package_identification:_identify(.) by extension 'ros'
[0.232s] Level 1:colcon.colcon_core.package_identification:_identify(.) by extensions ['cmake', 'python']
[0.232s] Level 1:colcon.colcon_core.package_identification:_identify(.) by extension 'cmake'
[0.232s] Level 1:colcon.colcon_core.package_identification:_identify(.) by extension 'python'
[0.232s] Level 1:colcon.colcon_core.package_identification:_identify(.) by extensions ['python_setup_py']
[0.232s] Level 1:colcon.colcon_core.package_identification:_identify(.) by extension 'python_setup_py'
[0.232s] Level 1:colcon.colcon_core.package_identification:_identify(build) by extensions ['ignore', 'ignore_ament_install']
[0.232s] Level 1:colcon.colcon_core.package_identification:_identify(build) by extension 'ignore'
[0.232s] Level 1:colcon.colcon_core.package_identification:_identify(build) ignored
[0.232s] Level 1:colcon.colcon_core.package_identification:_identify(install) by extensions ['ignore', 'ignore_ament_install']
[0.232s] Level 1:colcon.colcon_core.package_identification:_identify(install) by extension 'ignore'
[0.232s] Level 1:colcon.colcon_core.package_identification:_identify(install) ignored
[0.232s] Level 1:colcon.colcon_core.package_identification:_identify(log) by extensions ['ignore', 'ignore_ament_install']
[0.232s] Level 1:colcon.colcon_core.package_identification:_identify(log) by extension 'ignore'
[0.233s] Level 1:colcon.colcon_core.package_identification:_identify(log) ignored
[0.233s] Level 1:colcon.colcon_core.package_identification:_identify(src) by extensions ['ignore', 'ignore_ament_install']
[0.233s] Level 1:colcon.colcon_core.package_identification:_identify(src) by extension 'ignore'
[0.233s] Level 1:colcon.colcon_core.package_identification:_identify(src) by extension 'ignore_ament_install'
[0.233s] Level 1:colcon.colcon_core.package_identification:_identify(src) by extensions ['colcon_pkg']
[0.233s] Level 1:colcon.colcon_core.package_identification:_identify(src) by extension 'colcon_pkg'
[0.233s] Level 1:colcon.colcon_core.package_identification:_identify(src) by extensions ['colcon_meta']
[0.233s] Level 1:colcon.colcon_core.package_identification:_identify(src) by extension 'colcon_meta'
[0.233s] Level 1:colcon.colcon_core.package_identification:_identify(src) by extensions ['ros']
[0.233s] Level 1:colcon.colcon_core.package_identification:_identify(src) by extension 'ros'
[0.233s] Level 1:colcon.colcon_core.package_identification:_identify(src) by extensions ['cmake', 'python']
[0.233s] Level 1:colcon.colcon_core.package_identification:_identify(src) by extension 'cmake'
[0.233s] Level 1:colcon.colcon_core.package_identification:_identify(src) by extension 'python'
[0.233s] Level 1:colcon.colcon_core.package_identification:_identify(src) by extensions ['python_setup_py']
[0.233s] Level 1:colcon.colcon_core.package_identification:_identify(src) by extension 'python_setup_py'
[0.233s] Level 1:colcon.colcon_core.package_identification:_identify(src/interaction_perception) by extensions ['ignore', 'ignore_ament_install']
[0.233s] Level 1:colcon.colcon_core.package_identification:_identify(src/interaction_perception) by extension 'ignore'
[0.233s] Level 1:colcon.colcon_core.package_identification:_identify(src/interaction_perception) by extension 'ignore_ament_install'
[0.233s] Level 1:colcon.colcon_core.package_identification:_identify(src/interaction_perception) by extensions ['colcon_pkg']
[0.233s] Level 1:colcon.colcon_core.package_identification:_identify(src/interaction_perception) by extension 'colcon_pkg'
[0.233s] Level 1:colcon.colcon_core.package_identification:_identify(src/interaction_perception) by extensions ['colcon_meta']
[0.233s] Level 1:colcon.colcon_core.package_identification:_identify(src/interaction_perception) by extension 'colcon_meta'
[0.233s] Level 1:colcon.colcon_core.package_identification:_identify(src/interaction_perception) by extensions ['ros']
[0.233s] Level 1:colcon.colcon_core.package_identification:_identify(src/interaction_perception) by extension 'ros'
[0.233s] Level 1:colcon.colcon_core.package_identification:_identify(src/interaction_perception) by extensions ['cmake', 'python']
[0.233s] Level 1:colcon.colcon_core.package_identification:_identify(src/interaction_perception) by extension 'cmake'
[0.233s] Level 1:colcon.colcon_core.package_identification:_identify(src/interaction_perception) by extension 'python'
[0.233s] Level 1:colcon.colcon_core.package_identification:_identify(src/interaction_perception) by extensions ['python_setup_py']
[0.233s] Level 1:colcon.colcon_core.package_identification:_identify(src/interaction_perception) by extension 'python_setup_py'
[0.233s] Level 1:colcon.colcon_core.package_identification:_identify(src/motion_planning) by extensions ['ignore', 'ignore_ament_install']
[0.233s] Level 1:colcon.colcon_core.package_identification:_identify(src/motion_planning) by extension 'ignore'
[0.233s] Level 1:colcon.colcon_core.package_identification:_identify(src/motion_planning) by extension 'ignore_ament_install'
[0.233s] Level 1:colcon.colcon_core.package_identification:_identify(src/motion_planning) by extensions ['colcon_pkg']
[0.233s] Level 1:colcon.colcon_core.package_identification:_identify(src/motion_planning) by extension 'colcon_pkg'
[0.233s] Level 1:colcon.colcon_core.package_identification:_identify(src/motion_planning) by extensions ['colcon_meta']
[0.233s] Level 1:colcon.colcon_core.package_identification:_identify(src/motion_planning) by extension 'colcon_meta'
[0.234s] Level 1:colcon.colcon_core.package_identification:_identify(src/motion_planning) by extensions ['ros']
[0.234s] Level 1:colcon.colcon_core.package_identification:_identify(src/motion_planning) by extension 'ros'
[0.237s] DEBUG:colcon.colcon_core.package_identification:Package 'src/motion_planning' with type 'ros.ament_python' and name 'motion_planning'
[0.238s] Level 1:colcon.colcon_core.package_identification:_identify(src/perception) by extensions ['ignore', 'ignore_ament_install']
[0.238s] Level 1:colcon.colcon_core.package_identification:_identify(src/perception) by extension 'ignore'
[0.238s] Level 1:colcon.colcon_core.package_identification:_identify(src/perception) by extension 'ignore_ament_install'
[0.238s] Level 1:colcon.colcon_core.package_identification:_identify(src/perception) by extensions ['colcon_pkg']
[0.238s] Level 1:colcon.colcon_core.package_identification:_identify(src/perception) by extension 'colcon_pkg'
[0.238s] Level 1:colcon.colcon_core.package_identification:_identify(src/perception) by extensions ['colcon_meta']
[0.238s] Level 1:colcon.colcon_core.package_identification:_identify(src/perception) by extension 'colcon_meta'
[0.238s] Level 1:colcon.colcon_core.package_identification:_identify(src/perception) by extensions ['ros']
[0.238s] Level 1:colcon.colcon_core.package_identification:_identify(src/perception) by extension 'ros'
[0.238s] Level 1:colcon.colcon_core.package_identification:_identify(src/perception) by extensions ['cmake', 'python']
[0.238s] Level 1:colcon.colcon_core.package_identification:_identify(src/perception) by extension 'cmake'
[0.238s] Level 1:colcon.colcon_core.package_identification:_identify(src/perception) by extension 'python'
[0.238s] Level 1:colcon.colcon_core.package_identification:_identify(src/perception) by extensions ['python_setup_py']
[0.238s] Level 1:colcon.colcon_core.package_identification:_identify(src/perception) by extension 'python_setup_py'
[0.238s] Level 1:colcon.colcon_core.package_identification:_identify(src/perception/camera_files) by extensions ['ignore', 'ignore_ament_install']
[0.238s] Level 1:colcon.colcon_core.package_identification:_identify(src/perception/camera_files) by extension 'ignore'
[0.239s] Level 1:colcon.colcon_core.package_identification:_identify(src/perception/camera_files) by extension 'ignore_ament_install'
[0.239s] Level 1:colcon.colcon_core.package_identification:_identify(src/perception/camera_files) by extensions ['colcon_pkg']
[0.239s] Level 1:colcon.colcon_core.package_identification:_identify(src/perception/camera_files) by extension 'colcon_pkg'
[0.239s] Level 1:colcon.colcon_core.package_identification:_identify(src/perception/camera_files) by extensions ['colcon_meta']
[0.239s] Level 1:colcon.colcon_core.package_identification:_identify(src/perception/camera_files) by extension 'colcon_meta'
[0.239s] Level 1:colcon.colcon_core.package_identification:_identify(src/perception/camera_files) by extensions ['ros']
[0.239s] Level 1:colcon.colcon_core.package_identification:_identify(src/perception/camera_files) by extension 'ros'
[0.239s] Level 1:colcon.colcon_core.package_identification:_identify(src/perception/camera_files) by extensions ['cmake', 'python']
[0.239s] Level 1:colcon.colcon_core.package_identification:_identify(src/perception/camera_files) by extension 'cmake'
[0.239s] Level 1:colcon.colcon_core.package_identification:_identify(src/perception/camera_files) by extension 'python'
[0.239s] Level 1:colcon.colcon_core.package_identification:_identify(src/perception/camera_files) by extensions ['python_setup_py']
[0.239s] Level 1:colcon.colcon_core.package_identification:_identify(src/perception/camera_files) by extension 'python_setup_py'
[0.239s] Level 1:colcon.colcon_core.package_identification:_identify(src/ur3e_controller) by extensions ['ignore', 'ignore_ament_install']
[0.239s] Level 1:colcon.colcon_core.package_identification:_identify(src/ur3e_controller) by extension 'ignore'
[0.239s] Level 1:colcon.colcon_core.package_identification:_identify(src/ur3e_controller) by extension 'ignore_ament_install'
[0.239s] Level 1:colcon.colcon_core.package_identification:_identify(src/ur3e_controller) by extensions ['colcon_pkg']
[0.239s] Level 1:colcon.colcon_core.package_identification:_identify(src/ur3e_controller) by extension 'colcon_pkg'
[0.239s] Level 1:colcon.colcon_core.package_identification:_identify(src/ur3e_controller) by extensions ['colcon_meta']
[0.239s] Level 1:colcon.colcon_core.package_identification:_identify(src/ur3e_controller) by extension 'colcon_meta'
[0.239s] Level 1:colcon.colcon_core.package_identification:_identify(src/ur3e_controller) by extensions ['ros']
[0.239s] Level 1:colcon.colcon_core.package_identification:_identify(src/ur3e_controller) by extension 'ros'
[0.241s] DEBUG:colcon.colcon_core.package_identification:Package 'src/ur3e_controller' with type 'ros.ament_python' and name 'ur3e_controller'
[0.241s] Level 1:colcon.colcon_core.package_discovery:discover_packages(recursive) using defaults
[0.241s] Level 1:colcon.colcon_core.package_discovery:discover_packages(ignore) discover
[0.241s] Level 1:colcon.colcon_core.package_discovery:discover_packages(ignore) using defaults
[0.241s] Level 1:colcon.colcon_core.package_discovery:discover_packages(path) discover
[0.241s] Level 1:colcon.colcon_core.package_discovery:discover_packages(path) using defaults
[0.285s] Level 1:colcon.colcon_core.package_discovery:discover_packages(prefix_path) check parameters
[0.285s] Level 1:colcon.colcon_core.package_discovery:discover_packages(prefix_path) discover
[0.287s] DEBUG:colcon.colcon_installed_package_information.package_discovery:Found 8 installed packages in /home/fergus/ros2_ws/install
[0.289s] DEBUG:colcon.colcon_installed_package_information.package_discovery:Found 385 installed packages in /opt/ros/humble
[0.290s] Level 1:colcon.colcon_core.package_discovery:discover_packages(prefix_path) using defaults
[0.332s] Level 5:colcon.colcon_core.verb:set package 'ur3e_controller' build argument 'cmake_args' from command line to 'None'
[0.332s] Level 5:colcon.colcon_core.verb:set package 'ur3e_controller' build argument 'cmake_target' from command line to 'None'
[0.332s] Level 5:colcon.colcon_core.verb:set package 'ur3e_controller' build argument 'cmake_target_skip_unavailable' from command line to 'False'
[0.332s] Level 5:colcon.colcon_core.verb:set package 'ur3e_controller' build argument 'cmake_clean_cache' from command line to 'False'
[0.332s] Level 5:colcon.colcon_core.verb:set package 'ur3e_controller' build argument 'cmake_clean_first' from command line to 'False'
[0.332s] Level 5:colcon.colcon_core.verb:set package 'ur3e_controller' build argument 'cmake_force_configure' from command line to 'False'
[0.332s] Level 5:colcon.colcon_core.verb:set package 'ur3e_controller' build argument 'ament_cmake_args' from command line to 'None'
[0.332s] Level 5:colcon.colcon_core.verb:set package 'ur3e_controller' build argument 'catkin_cmake_args' from command line to 'None'
[0.332s] Level 5:colcon.colcon_core.verb:set package 'ur3e_controller' build argument 'catkin_skip_building_tests' from command line to 'False'
[0.332s] DEBUG:colcon.colcon_core.verb:Building package 'ur3e_controller' with the following arguments: {'ament_cmake_args': None, 'build_base': '/home/fergus/ros2_ws/src/RS2-JENGA/build/ur3e_controller', 'catkin_cmake_args': None, 'catkin_skip_building_tests': False, 'cmake_args': None, 'cmake_clean_cache': False, 'cmake_clean_first': False, 'cmake_force_configure': False, 'cmake_target': None, 'cmake_target_skip_unavailable': False, 'install_base': '/home/fergus/ros2_ws/src/RS2-JENGA/install/ur3e_controller', 'merge_install': False, 'path': '/home/fergus/ros2_ws/src/RS2-JENGA/src/ur3e_controller', 'symlink_install': False, 'test_result_base': None}
[0.332s] Level 5:colcon.colcon_core.verb:set package 'motion_planning' build argument 'cmake_args' from command line to 'None'
[0.332s] Level 5:colcon.colcon_core.verb:set package 'motion_planning' build argument 'cmake_target' from command line to 'None'
[0.332s] Level 5:colcon.colcon_core.verb:set package 'motion_planning' build argument 'cmake_target_skip_unavailable' from command line to 'False'
[0.332s] Level 5:colcon.colcon_core.verb:set package 'motion_planning' build argument 'cmake_clean_cache' from command line to 'False'
[0.332s] Level 5:colcon.colcon_core.verb:set package 'motion_planning' build argument 'cmake_clean_first' from command line to 'False'
[0.332s] Level 5:colcon.colcon_core.verb:set package 'motion_planning' build argument 'cmake_force_configure' from command line to 'False'
[0.332s] Level 5:colcon.colcon_core.verb:set package 'motion_planning' build argument 'ament_cmake_args' from command line to 'None'
[0.332s] Level 5:colcon.colcon_core.verb:set package 'motion_planning' build argument 'catkin_cmake_args' from command line to 'None'
[0.332s] Level 5:colcon.colcon_core.verb:set package 'motion_planning' build argument 'catkin_skip_building_tests' from command line to 'False'
[0.332s] DEBUG:colcon.colcon_core.verb:Building package 'motion_planning' with the following arguments: {'ament_cmake_args': None, 'build_base': '/home/fergus/ros2_ws/src/RS2-JENGA/build/motion_planning', 'catkin_cmake_args': None, 'catkin_skip_building_tests': False, 'cmake_args': None, 'cmake_clean_cache': False, 'cmake_clean_first': False, 'cmake_force_configure': False, 'cmake_target': None, 'cmake_target_skip_unavailable': False, 'install_base': '/home/fergus/ros2_ws/src/RS2-JENGA/install/motion_planning', 'merge_install': False, 'path': '/home/fergus/ros2_ws/src/RS2-JENGA/src/motion_planning', 'symlink_install': False, 'test_result_base': None}
[0.332s] INFO:colcon.colcon_core.executor:Executing jobs using 'parallel' executor
[0.333s] DEBUG:colcon.colcon_parallel_executor.executor.parallel:run_until_complete
[0.334s] INFO:colcon.colcon_ros.task.ament_python.build:Building ROS package in '/home/fergus/ros2_ws/src/RS2-JENGA/src/ur3e_controller' with build type 'ament_python'
[0.334s] Level 1:colcon.colcon_core.shell:create_environment_hook('ur3e_controller', 'ament_prefix_path')
[0.336s] INFO:colcon.colcon_core.plugin_system:Skipping extension 'colcon_core.shell.bat': Not used on non-Windows systems
[0.336s] INFO:colcon.colcon_core.shell:Creating environment hook '/home/fergus/ros2_ws/src/RS2-JENGA/install/ur3e_controller/share/ur3e_controller/hook/ament_prefix_path.ps1'
[0.337s] INFO:colcon.colcon_core.shell:Creating environment descriptor '/home/fergus/ros2_ws/src/RS2-JENGA/install/ur3e_controller/share/ur3e_controller/hook/ament_prefix_path.dsv'
[0.337s] INFO:colcon.colcon_core.shell:Creating environment hook '/home/fergus/ros2_ws/src/RS2-JENGA/install/ur3e_controller/share/ur3e_controller/hook/ament_prefix_path.sh'
[0.338s] INFO:colcon.colcon_core.shell:Skip shell extension 'powershell' for command environment: Not usable outside of PowerShell
[0.338s] DEBUG:colcon.colcon_core.shell:Skip shell extension 'dsv' for command environment
[0.544s] INFO:colcon.colcon_core.task.python.build:Building Python package in '/home/fergus/ros2_ws/src/RS2-JENGA/src/ur3e_controller'
[0.546s] INFO:colcon.colcon_core.shell:Skip shell extension 'powershell' for command environment: Not usable outside of PowerShell
[0.547s] DEBUG:colcon.colcon_core.shell:Skip shell extension 'dsv' for command environment
[0.902s] DEBUG:colcon.colcon_core.event_handler.log_command:Invoking command in '/home/fergus/ros2_ws/src/RS2-JENGA/src/ur3e_controller': PYTHONPATH=/home/fergus/ros2_ws/src/RS2-JENGA/build/ur3e_controller/prefix_override:/usr/lib/python3/dist-packages/colcon_core/task/python/colcon_distutils_commands:/home/fergus/ros2_ws/src/RS2-JENGA/install/ur3e_controller/lib/python3.10/site-packages:${PYTHONPATH} /usr/bin/python3 -W ignore:setup.py install is deprecated -W ignore:easy_install command is deprecated setup.py egg_info --egg-base ../../build/ur3e_controller build --build-base /home/fergus/ros2_ws/src/RS2-JENGA/build/ur3e_controller/build install --record /home/fergus/ros2_ws/src/RS2-JENGA/build/ur3e_controller/install.log --single-version-externally-managed install_data
[1.177s] DEBUG:colcon.colcon_core.event_handler.log_command:Invoked command in '/home/fergus/ros2_ws/src/RS2-JENGA/src/ur3e_controller' returned '0': PYTHONPATH=/home/fergus/ros2_ws/src/RS2-JENGA/build/ur3e_controller/prefix_override:/usr/lib/python3/dist-packages/colcon_core/task/python/colcon_distutils_commands:/home/fergus/ros2_ws/src/RS2-JENGA/install/ur3e_controller/lib/python3.10/site-packages:${PYTHONPATH} /usr/bin/python3 -W ignore:setup.py install is deprecated -W ignore:easy_install command is deprecated setup.py egg_info --egg-base ../../build/ur3e_controller build --build-base /home/fergus/ros2_ws/src/RS2-JENGA/build/ur3e_controller/build install --record /home/fergus/ros2_ws/src/RS2-JENGA/build/ur3e_controller/install.log --single-version-externally-managed install_data
[1.178s] Level 1:colcon.colcon_core.environment:checking '/home/fergus/ros2_ws/src/RS2-JENGA/install/ur3e_controller' for CMake module files
[1.178s] Level 1:colcon.colcon_core.environment:checking '/home/fergus/ros2_ws/src/RS2-JENGA/install/ur3e_controller' for CMake config files
[1.179s] Level 1:colcon.colcon_core.environment:checking '/home/fergus/ros2_ws/src/RS2-JENGA/install/ur3e_controller/lib'
[1.179s] Level 1:colcon.colcon_core.environment:checking '/home/fergus/ros2_ws/src/RS2-JENGA/install/ur3e_controller/bin'
[1.179s] Level 1:colcon.colcon_core.environment:checking '/home/fergus/ros2_ws/src/RS2-JENGA/install/ur3e_controller/lib/pkgconfig/ur3e_controller.pc'
[1.179s] Level 1:colcon.colcon_core.environment:checking '/home/fergus/ros2_ws/src/RS2-JENGA/install/ur3e_controller/lib/python3.10/site-packages'
[1.179s] Level 1:colcon.colcon_core.shell:create_environment_hook('ur3e_controller', 'pythonpath')
[1.179s] INFO:colcon.colcon_core.shell:Creating environment hook '/home/fergus/ros2_ws/src/RS2-JENGA/install/ur3e_controller/share/ur3e_controller/hook/pythonpath.ps1'
[1.180s] INFO:colcon.colcon_core.shell:Creating environment descriptor '/home/fergus/ros2_ws/src/RS2-JENGA/install/ur3e_controller/share/ur3e_controller/hook/pythonpath.dsv'
[1.180s] INFO:colcon.colcon_core.shell:Creating environment hook '/home/fergus/ros2_ws/src/RS2-JENGA/install/ur3e_controller/share/ur3e_controller/hook/pythonpath.sh'
[1.180s] Level 1:colcon.colcon_core.environment:checking '/home/fergus/ros2_ws/src/RS2-JENGA/install/ur3e_controller/bin'
[1.180s] Level 1:colcon.colcon_core.environment:create_environment_scripts_only(ur3e_controller)
[1.180s] INFO:colcon.colcon_core.shell:Creating package script '/home/fergus/ros2_ws/src/RS2-JENGA/install/ur3e_controller/share/ur3e_controller/package.ps1'
[1.181s] INFO:colcon.colcon_core.shell:Creating package descriptor '/home/fergus/ros2_ws/src/RS2-JENGA/install/ur3e_controller/share/ur3e_controller/package.dsv'
[1.181s] INFO:colcon.colcon_core.shell:Creating package script '/home/fergus/ros2_ws/src/RS2-JENGA/install/ur3e_controller/share/ur3e_controller/package.sh'
[1.181s] INFO:colcon.colcon_core.shell:Creating package script '/home/fergus/ros2_ws/src/RS2-JENGA/install/ur3e_controller/share/ur3e_controller/package.bash'
[1.182s] INFO:colcon.colcon_core.shell:Creating package script '/home/fergus/ros2_ws/src/RS2-JENGA/install/ur3e_controller/share/ur3e_controller/package.zsh'
[1.182s] Level 1:colcon.colcon_core.environment:create_file_with_runtime_dependencies(/home/fergus/ros2_ws/src/RS2-JENGA/install/ur3e_controller/share/colcon-core/packages/ur3e_controller)
[1.182s] INFO:colcon.colcon_ros.task.ament_python.build:Building ROS package in '/home/fergus/ros2_ws/src/RS2-JENGA/src/motion_planning' with build type 'ament_python'
[1.182s] Level 1:colcon.colcon_core.shell:create_environment_hook('motion_planning', 'ament_prefix_path')
[1.183s] INFO:colcon.colcon_core.shell:Creating environment hook '/home/fergus/ros2_ws/src/RS2-JENGA/install/motion_planning/share/motion_planning/hook/ament_prefix_path.ps1'
[1.183s] INFO:colcon.colcon_core.shell:Creating environment descriptor '/home/fergus/ros2_ws/src/RS2-JENGA/install/motion_planning/share/motion_planning/hook/ament_prefix_path.dsv'
[1.183s] INFO:colcon.colcon_core.shell:Creating environment hook '/home/fergus/ros2_ws/src/RS2-JENGA/install/motion_planning/share/motion_planning/hook/ament_prefix_path.sh'
[1.184s] INFO:colcon.colcon_core.shell:Skip shell extension 'powershell' for command environment: Not usable outside of PowerShell
[1.184s] DEBUG:colcon.colcon_core.shell:Skip shell extension 'dsv' for command environment
[1.423s] INFO:colcon.colcon_core.task.python.build:Building Python package in '/home/fergus/ros2_ws/src/RS2-JENGA/src/motion_planning'
[1.423s] INFO:colcon.colcon_core.shell:Skip shell extension 'powershell' for command environment: Not usable outside of PowerShell
[1.423s] DEBUG:colcon.colcon_core.shell:Skip shell extension 'dsv' for command environment
[1.789s] DEBUG:colcon.colcon_core.event_handler.log_command:Invoking command in '/home/fergus/ros2_ws/src/RS2-JENGA/src/motion_planning': AMENT_PREFIX_PATH=/home/fergus/ros2_ws/src/RS2-JENGA/install/ur3e_controller:${AMENT_PREFIX_PATH} PYTHONPATH=/home/fergus/ros2_ws/src/RS2-JENGA/build/motion_planning/prefix_override:/usr/lib/python3/dist-packages/colcon_core/task/python/colcon_distutils_commands:/home/fergus/ros2_ws/src/RS2-JENGA/install/motion_planning/lib/python3.10/site-packages:/home/fergus/ros2_ws/src/RS2-JENGA/install/ur3e_controller/lib/python3.10/site-packages:${PYTHONPATH} /usr/bin/python3 -W ignore:setup.py install is deprecated -W ignore:easy_install command is deprecated setup.py egg_info --egg-base ../../build/motion_planning build --build-base /home/fergus/ros2_ws/src/RS2-JENGA/build/motion_planning/build install --record /home/fergus/ros2_ws/src/RS2-JENGA/build/motion_planning/install.log --single-version-externally-managed install_data
[2.090s] Level 1:colcon.colcon_core.environment:checking '/home/fergus/ros2_ws/src/RS2-JENGA/install/motion_planning' for CMake module files
[2.091s] Level 1:colcon.colcon_core.environment:checking '/home/fergus/ros2_ws/src/RS2-JENGA/install/motion_planning' for CMake config files
[2.091s] DEBUG:colcon.colcon_core.event_handler.log_command:Invoked command in '/home/fergus/ros2_ws/src/RS2-JENGA/src/motion_planning' returned '0': AMENT_PREFIX_PATH=/home/fergus/ros2_ws/src/RS2-JENGA/install/ur3e_controller:${AMENT_PREFIX_PATH} PYTHONPATH=/home/fergus/ros2_ws/src/RS2-JENGA/build/motion_planning/prefix_override:/usr/lib/python3/dist-packages/colcon_core/task/python/colcon_distutils_commands:/home/fergus/ros2_ws/src/RS2-JENGA/install/motion_planning/lib/python3.10/site-packages:/home/fergus/ros2_ws/src/RS2-JENGA/install/ur3e_controller/lib/python3.10/site-packages:${PYTHONPATH} /usr/bin/python3 -W ignore:setup.py install is deprecated -W ignore:easy_install command is deprecated setup.py egg_info --egg-base ../../build/motion_planning build --build-base /home/fergus/ros2_ws/src/RS2-JENGA/build/motion_planning/build install --record /home/fergus/ros2_ws/src/RS2-JENGA/build/motion_planning/install.log --single-version-externally-managed install_data
[2.092s] Level 1:colcon.colcon_core.environment:checking '/home/fergus/ros2_ws/src/RS2-JENGA/install/motion_planning/lib'
[2.092s] Level 1:colcon.colcon_core.environment:checking '/home/fergus/ros2_ws/src/RS2-JENGA/install/motion_planning/bin'
[2.092s] Level 1:colcon.colcon_core.environment:checking '/home/fergus/ros2_ws/src/RS2-JENGA/install/motion_planning/lib/pkgconfig/motion_planning.pc'
[2.093s] Level 1:colcon.colcon_core.environment:checking '/home/fergus/ros2_ws/src/RS2-JENGA/install/motion_planning/lib/python3.10/site-packages'
[2.093s] Level 1:colcon.colcon_core.shell:create_environment_hook('motion_planning', 'pythonpath')
[2.093s] INFO:colcon.colcon_core.shell:Creating environment hook '/home/fergus/ros2_ws/src/RS2-JENGA/install/motion_planning/share/motion_planning/hook/pythonpath.ps1'
[2.094s] INFO:colcon.colcon_core.shell:Creating environment descriptor '/home/fergus/ros2_ws/src/RS2-JENGA/install/motion_planning/share/motion_planning/hook/pythonpath.dsv'
[2.094s] INFO:colcon.colcon_core.shell:Creating environment hook '/home/fergus/ros2_ws/src/RS2-JENGA/install/motion_planning/share/motion_planning/hook/pythonpath.sh'
[2.095s] Level 1:colcon.colcon_core.environment:checking '/home/fergus/ros2_ws/src/RS2-JENGA/install/motion_planning/bin'
[2.095s] Level 1:colcon.colcon_core.environment:create_environment_scripts_only(motion_planning)
[2.095s] INFO:colcon.colcon_core.shell:Creating package script '/home/fergus/ros2_ws/src/RS2-JENGA/install/motion_planning/share/motion_planning/package.ps1'
[2.096s] INFO:colcon.colcon_core.shell:Creating package descriptor '/home/fergus/ros2_ws/src/RS2-JENGA/install/motion_planning/share/motion_planning/package.dsv'
[2.096s] INFO:colcon.colcon_core.shell:Creating package script '/home/fergus/ros2_ws/src/RS2-JENGA/install/motion_planning/share/motion_planning/package.sh'
[2.096s] INFO:colcon.colcon_core.shell:Creating package script '/home/fergus/ros2_ws/src/RS2-JENGA/install/motion_planning/share/motion_planning/package.bash'
[2.097s] INFO:colcon.colcon_core.shell:Creating package script '/home/fergus/ros2_ws/src/RS2-JENGA/install/motion_planning/share/motion_planning/package.zsh'
[2.097s] Level 1:colcon.colcon_core.environment:create_file_with_runtime_dependencies(/home/fergus/ros2_ws/src/RS2-JENGA/install/motion_planning/share/colcon-core/packages/motion_planning)
[2.097s] DEBUG:colcon.colcon_parallel_executor.executor.parallel:closing loop
[2.098s] DEBUG:colcon.colcon_parallel_executor.executor.parallel:loop closed
[2.098s] DEBUG:colcon.colcon_parallel_executor.executor.parallel:run_until_complete finished with '0'
[2.098s] DEBUG:colcon.colcon_core.event_reactor:joining thread
[2.105s] INFO:colcon.colcon_core.plugin_system:Skipping extension 'colcon_notification.desktop_notification.terminal_notifier': Not used on non-Darwin systems
[2.105s] INFO:colcon.colcon_core.plugin_system:Skipping extension 'colcon_notification.desktop_notification.win32': Not used on non-Windows systems
[2.105s] INFO:colcon.colcon_notification.desktop_notification:Sending desktop notification using 'notify2'
[2.136s] DEBUG:colcon.colcon_core.event_reactor:joined thread
[2.136s] INFO:colcon.colcon_core.shell:Creating prefix script '/home/fergus/ros2_ws/src/RS2-JENGA/install/local_setup.ps1'
[2.137s] INFO:colcon.colcon_core.shell:Creating prefix util module '/home/fergus/ros2_ws/src/RS2-JENGA/install/_local_setup_util_ps1.py'
[2.138s] INFO:colcon.colcon_core.shell:Creating prefix chain script '/home/fergus/ros2_ws/src/RS2-JENGA/install/setup.ps1'
[2.139s] INFO:colcon.colcon_core.shell:Creating prefix script '/home/fergus/ros2_ws/src/RS2-JENGA/install/local_setup.sh'
[2.140s] INFO:colcon.colcon_core.shell:Creating prefix util module '/home/fergus/ros2_ws/src/RS2-JENGA/install/_local_setup_util_sh.py'
[2.140s] INFO:colcon.colcon_core.shell:Creating prefix chain script '/home/fergus/ros2_ws/src/RS2-JENGA/install/setup.sh'
[2.141s] INFO:colcon.colcon_core.shell:Creating prefix script '/home/fergus/ros2_ws/src/RS2-JENGA/install/local_setup.bash'
[2.141s] INFO:colcon.colcon_core.shell:Creating prefix chain script '/home/fergus/ros2_ws/src/RS2-JENGA/install/setup.bash'
[2.143s] INFO:colcon.colcon_core.shell:Creating prefix script '/home/fergus/ros2_ws/src/RS2-JENGA/install/local_setup.zsh'
[2.143s] INFO:colcon.colcon_core.shell:Creating prefix chain script '/home/fergus/ros2_ws/src/RS2-JENGA/install/setup.zsh'
